# JRE version: OpenJDK Runtime Environment (8.0_222-b10) (build 1.8.0_222-8u222-b10-1ubuntu1~18.04.1-b10)
# Java VM: OpenJDK 64-Bit Server VM (25.222-b10 mixed mode linux-amd64 compressed oops)
Heap:
 PSYoungGen      total 574464K, used 812K [0x00000000d8c00000, 0x00000000fc100000, 0x0000000100000000)
  eden space 572928K, 0% used [0x00000000d8c00000,0x00000000d8c00000,0x00000000fbb80000)
  from space 1536K, 52% used [0x00000000fbe00000,0x00000000fbecb0e8,0x00000000fbf80000)
  to   space 1024K, 0% used [0x00000000fc000000,0x00000000fc000000,0x00000000fc100000)
 ParOldGen       total 80896K, used 16240K [0x000000008a400000, 0x000000008f300000, 0x00000000d8c00000)
  object space 80896K, 20% used [0x000000008a400000,0x000000008b3dc1b8,0x000000008f300000)
 Metaspace       used 3295K, capacity 4486K, committed 4864K, reserved 1056768K
  class space    used 362K, capacity 386K, committed 512K, reserved 1048576K
GC Heap History (10 events):
Event: 221.382 GC heap after
Heap after GC invocations=272 (full 0):
 PSYoungGen      total 275968K, used 32K [0x00000000d8c00000, 0x00000000fc280000, 0x0000000100000000)
  eden space 275456K, 0% used [0x00000000d8c00000,0x00000000d8c00000,0x00000000e9900000)
  from space 512K, 6% used [0x00000000fc200000,0x00000000fc208000,0x00000000fc280000)
  to   space 1536K, 0% used [0x00000000fbf80000,0x00000000fbf80000,0x00000000fc100000)
 ParOldGen       total 80896K, used 16240K [0x000000008a400000, 0x000000008f300000, 0x00000000d8c00000)
  object space 80896K, 20% used [0x000000008a400000,0x000000008b3dc1b8,0x000000008f300000)
 Metaspace       used 3295K, capacity 4486K, committed 4864K, reserved 1056768K
  class space    used 362K, capacity 386K, committed 512K, reserved 1048576K
}
Event: 221.874 GC heap before
{Heap before GC invocations=273 (full 0):
 PSYoungGen      total 275968K, used 275244K [0x00000000d8c00000, 0x00000000fc280000, 0x0000000100000000)
  eden space 275456K, 99% used [0x00000000d8c00000,0x00000000e98c32d0,0x00000000e9900000)
  from space 512K, 6% used [0x00000000fc200000,0x00000000fc208000,0x00000000fc280000)
  to   space 1536K, 0% used [0x00000000fbf80000,0x00000000fbf80000,0x00000000fc100000)
 ParOldGen       total 80896K, used 16240K [0x000000008a400000, 0x000000008f300000, 0x00000000d8c00000)
  object space 80896K, 20% used [0x000000008a400000,0x000000008b3dc1b8,0x000000008f300000)
 Metaspace       used 3295K, capacity 4486K, committed 4864K, reserved 1056768K
  class space    used 362K, capacity 386K, committed 512K, reserved 1048576K
Event: 221.894 GC heap after
Heap after GC invocations=273 (full 0):
 PSYoungGen      total 332288K, used 803K [0x00000000d8c00000, 0x00000000fc280000, 0x0000000100000000)
  eden space 330752K, 0% used [0x00000000d8c00000,0x00000000d8c00000,0x00000000ecf00000)
  from space 1536K, 52% used [0x00000000fbf80000,0x00000000fc048d28,0x00000000fc100000)
  to   space 1536K, 0% used [0x00000000fc100000,0x00000000fc100000,0x00000000fc280000)
 ParOldGen       total 80896K, used 16240K [0x000000008a400000, 0x000000008f300000, 0x00000000d8c00000)
  object space 80896K, 20% used [0x000000008a400000,0x000000008b3dc1b8,0x000000008f300000)
 Metaspace       used 3295K, capacity 4486K, committed 4864K, reserved 1056768K
  class space    used 362K, capacity 386K, committed 512K, reserved 1048576K
}
Event: 222.150 GC heap before
{Heap before GC invocations=274 (full 0):
 PSYoungGen      total 332288K, used 330939K [0x00000000d8c00000, 0x00000000fc280000, 0x0000000100000000)
  eden space 330752K, 99% used [0x00000000d8c00000,0x00000000ece66028,0x00000000ecf00000)
  from space 1536K, 52% used [0x00000000fbf80000,0x00000000fc048d28,0x00000000fc100000)
  to   space 1536K, 0% used [0x00000000fc100000,0x00000000fc100000,0x00000000fc280000)
 ParOldGen       total 80896K, used 16240K [0x000000008a400000, 0x000000008f300000, 0x00000000d8c00000)
  object space 80896K, 20% used [0x000000008a400000,0x000000008b3dc1b8,0x000000008f300000)
 Metaspace       used 3295K, capacity 4486K, committed 4864K, reserved 1056768K
  class space    used 362K, capacity 386K, committed 512K, reserved 1048576K
Event: 222.464 GC heap after
Heap after GC invocations=274 (full 0):
 PSYoungGen      total 398336K, used 804K [0x00000000d8c00000, 0x00000000fc200000, 0x0000000100000000)
  eden space 397312K, 0% used [0x00000000d8c00000,0x00000000d8c00000,0x00000000f1000000)
  from space 1024K, 78% used [0x00000000fc100000,0x00000000fc1c93f0,0x00000000fc200000)
  to   space 1536K, 0% used [0x00000000fbf00000,0x00000000fbf00000,0x00000000fc080000)
 ParOldGen       total 80896K, used 16240K [0x000000008a400000, 0x000000008f300000, 0x00000000d8c00000)
  object space 80896K, 20% used [0x000000008a400000,0x000000008b3dc1b8,0x000000008f300000)
 Metaspace       used 3295K, capacity 4486K, committed 4864K, reserved 1056768K
  class space    used 362K, capacity 386K, committed 512K, reserved 1048576K
}
Event: 223.423 GC heap before
{Heap before GC invocations=275 (full 0):
 PSYoungGen      total 398336K, used 398050K [0x00000000d8c00000, 0x00000000fc200000, 0x0000000100000000)
  eden space 397312K, 99% used [0x00000000d8c00000,0x00000000f0fef800,0x00000000f1000000)
  from space 1024K, 78% used [0x00000000fc100000,0x00000000fc1c93f0,0x00000000fc200000)
  to   space 1536K, 0% used [0x00000000fbf00000,0x00000000fbf00000,0x00000000fc080000)
 ParOldGen       total 80896K, used 16240K [0x000000008a400000, 0x000000008f300000, 0x00000000d8c00000)
  object space 80896K, 20% used [0x000000008a400000,0x000000008b3dc1b8,0x000000008f300000)
 Metaspace       used 3295K, capacity 4486K, committed 4864K, reserved 1056768K
  class space    used 362K, capacity 386K, committed 512K, reserved 1048576K
Event: 223.429 GC heap after
Heap after GC invocations=275 (full 0):
 PSYoungGen      total 478208K, used 806K [0x00000000d8c00000, 0x00000000fc180000, 0x0000000100000000)
  eden space 477184K, 0% used [0x00000000d8c00000,0x00000000d8c00000,0x00000000f5e00000)
  from space 1024K, 78% used [0x00000000fbf00000,0x00000000fbfc9bd8,0x00000000fc000000)
  to   space 1536K, 0% used [0x00000000fc000000,0x00000000fc000000,0x00000000fc180000)
 ParOldGen       total 80896K, used 16240K [0x000000008a400000, 0x000000008f300000, 0x00000000d8c00000)
  object space 80896K, 20% used [0x000000008a400000,0x000000008b3dc1b8,0x000000008f300000)
 Metaspace       used 3295K, capacity 4486K, committed 4864K, reserved 1056768K
  class space    used 362K, capacity 386K, committed 512K, reserved 1048576K
}
Event: 233.117 GC heap before
{Heap before GC invocations=276 (full 0):
 PSYoungGen      total 478208K, used 477592K [0x00000000d8c00000, 0x00000000fc180000, 0x0000000100000000)
  eden space 477184K, 99% used [0x00000000d8c00000,0x00000000f5d9c770,0x00000000f5e00000)
  from space 1024K, 78% used [0x00000000fbf00000,0x00000000fbfc9bd8,0x00000000fc000000)
  to   space 1536K, 0% used [0x00000000fc000000,0x00000000fc000000,0x00000000fc180000)
 ParOldGen       total 80896K, used 16240K [0x000000008a400000, 0x000000008f300000, 0x00000000d8c00000)
  object space 80896K, 20% used [0x000000008a400000,0x000000008b3dc1b8,0x000000008f300000)
 Metaspace       used 3295K, capacity 4486K, committed 4864K, reserved 1056768K
  class space    used 362K, capacity 386K, committed 512K, reserved 1048576K
Event: 233.697 GC heap after
Heap after GC invocations=276 (full 0):
 PSYoungGen      total 573952K, used 809K [0x00000000d8c00000, 0x00000000fc100000, 0x0000000100000000)
  eden space 572928K, 0% used [0x00000000d8c00000,0x00000000d8c00000,0x00000000fbb80000)
  from space 1024K, 79% used [0x00000000fc000000,0x00000000fc0ca570,0x00000000fc100000)
  to   space 1536K, 0% used [0x00000000fbe00000,0x00000000fbe00000,0x00000000fbf80000)
 ParOldGen       total 80896K, used 16240K [0x000000008a400000, 0x000000008f300000, 0x00000000d8c00000)
  object space 80896K, 20% used [0x000000008a400000,0x000000008b3dc1b8,0x000000008f300000)
 Metaspace       used 3295K, capacity 4486K, committed 4864K, reserved 1056768K
  class space    used 362K, capacity 386K, committed 512K, reserved 1048576K
}
Event: 238.392 GC heap before
{Heap before GC invocations=277 (full 0):
 PSYoungGen      total 573952K, used 572991K [0x00000000d8c00000, 0x00000000fc100000, 0x0000000100000000)
  eden space 572928K, 99% used [0x00000000d8c00000,0x00000000fbac5928,0x00000000fbb80000)
  from space 1024K, 79% used [0x00000000fc000000,0x00000000fc0ca570,0x00000000fc100000)
  to   space 1536K, 0% used [0x00000000fbe00000,0x00000000fbe00000,0x00000000fbf80000)
 ParOldGen       total 80896K, used 16240K [0x000000008a400000, 0x000000008f300000, 0x00000000d8c00000)
  object space 80896K, 20% used [0x000000008a400000,0x000000008b3dc1b8,0x000000008f300000)
 Metaspace       used 3295K, capacity 4486K, committed 4864K, reserved 1056768K
  class space    used 362K, capacity 386K, committed 512K, reserved 1048576K

