# JRE version: OpenJDK Runtime Environment (8.0_222-b10) (build 1.8.0_222-8u222-b10-1ubuntu1~18.04.1-b10)
# Java VM: OpenJDK 64-Bit Server VM (25.222-b10 mixed mode linux-amd64 compressed oops)
Heap:
 PSYoungGen      total 557568K, used 748K [0x00000000d8c00000, 0x00000000fc280000, 0x0000000100000000)
  eden space 556032K, 0% used [0x00000000d8c00000,0x00000000d8c00000,0x00000000fab00000)
  from space 1536K, 48% used [0x00000000fc100000,0x00000000fc1bb1b0,0x00000000fc280000)
  to   space 1536K, 0% used [0x00000000fab00000,0x00000000fab00000,0x00000000fac80000)
 ParOldGen       total 80896K, used 14343K [0x000000008a400000, 0x000000008f300000, 0x00000000d8c00000)
  object space 80896K, 17% used [0x000000008a400000,0x000000008b201f48,0x000000008f300000)
 Metaspace       used 3297K, capacity 4486K, committed 4864K, reserved 1056768K
  class space    used 362K, capacity 386K, committed 512K, reserved 1048576K
GC Heap History (10 events):
Event: 192.427 GC heap after
Heap after GC invocations=259 (full 0):
 PSYoungGen      total 441856K, used 735K [0x00000000d8c00000, 0x00000000fae80000, 0x0000000100000000)
  eden space 440320K, 0% used [0x00000000d8c00000,0x00000000d8c00000,0x00000000f3a00000)
  from space 1536K, 47% used [0x00000000fac00000,0x00000000facb7f38,0x00000000fad80000)
  to   space 1024K, 0% used [0x00000000fad80000,0x00000000fad80000,0x00000000fae80000)
 ParOldGen       total 80896K, used 13633K [0x000000008a400000, 0x000000008f300000, 0x00000000d8c00000)
  object space 80896K, 16% used [0x000000008a400000,0x000000008b150428,0x000000008f300000)
 Metaspace       used 3297K, capacity 4486K, committed 4864K, reserved 1056768K
  class space    used 362K, capacity 386K, committed 512K, reserved 1048576K
}
Event: 193.607 GC heap before
{Heap before GC invocations=260 (full 0):
 PSYoungGen      total 441856K, used 441013K [0x00000000d8c00000, 0x00000000fae80000, 0x0000000100000000)
  eden space 440320K, 99% used [0x00000000d8c00000,0x00000000f39f5788,0x00000000f3a00000)
  from space 1536K, 47% used [0x00000000fac00000,0x00000000facb7f38,0x00000000fad80000)
  to   space 1024K, 0% used [0x00000000fad80000,0x00000000fad80000,0x00000000fae80000)
 ParOldGen       total 80896K, used 13633K [0x000000008a400000, 0x000000008f300000, 0x00000000d8c00000)
  object space 80896K, 16% used [0x000000008a400000,0x000000008b150428,0x000000008f300000)
 Metaspace       used 3297K, capacity 4486K, committed 4864K, reserved 1056768K
  class space    used 362K, capacity 386K, committed 512K, reserved 1048576K
Event: 193.609 GC heap after
Heap after GC invocations=260 (full 0):
 PSYoungGen      total 420864K, used 738K [0x00000000d8c00000, 0x00000000fae80000, 0x0000000100000000)
  eden space 419840K, 0% used [0x00000000d8c00000,0x00000000d8c00000,0x00000000f2600000)
  from space 1024K, 72% used [0x00000000fad80000,0x00000000fae388f8,0x00000000fae80000)
  to   space 1024K, 0% used [0x00000000fac80000,0x00000000fac80000,0x00000000fad80000)
 ParOldGen       total 80896K, used 13633K [0x000000008a400000, 0x000000008f300000, 0x00000000d8c00000)
  object space 80896K, 16% used [0x000000008a400000,0x000000008b150428,0x000000008f300000)
 Metaspace       used 3297K, capacity 4486K, committed 4864K, reserved 1056768K
  class space    used 362K, capacity 386K, committed 512K, reserved 1048576K
}
Event: 194.567 GC heap before
{Heap before GC invocations=261 (full 0):
 PSYoungGen      total 420864K, used 420122K [0x00000000d8c00000, 0x00000000fae80000, 0x0000000100000000)
  eden space 419840K, 99% used [0x00000000d8c00000,0x00000000f258dfc0,0x00000000f2600000)
  from space 1024K, 72% used [0x00000000fad80000,0x00000000fae388f8,0x00000000fae80000)
  to   space 1024K, 0% used [0x00000000fac80000,0x00000000fac80000,0x00000000fad80000)
 ParOldGen       total 80896K, used 13633K [0x000000008a400000, 0x000000008f300000, 0x00000000d8c00000)
  object space 80896K, 16% used [0x000000008a400000,0x000000008b150428,0x000000008f300000)
 Metaspace       used 3297K, capacity 4486K, committed 4864K, reserved 1056768K
  class space    used 362K, capacity 386K, committed 512K, reserved 1048576K
Event: 194.570 GC heap after
Heap after GC invocations=261 (full 0):
 PSYoungGen      total 401408K, used 740K [0x00000000d8c00000, 0x00000000fae00000, 0x0000000100000000)
  eden space 400384K, 0% used [0x00000000d8c00000,0x00000000d8c00000,0x00000000f1300000)
  from space 1024K, 72% used [0x00000000fac80000,0x00000000fad39238,0x00000000fad80000)
  to   space 512K, 0% used [0x00000000fad80000,0x00000000fad80000,0x00000000fae00000)
 ParOldGen       total 80896K, used 13633K [0x000000008a400000, 0x000000008f300000, 0x00000000d8c00000)
  object space 80896K, 16% used [0x000000008a400000,0x000000008b150428,0x000000008f300000)
 Metaspace       used 3297K, capacity 4486K, committed 4864K, reserved 1056768K
  class space    used 362K, capacity 386K, committed 512K, reserved 1048576K
}
Event: 195.298 GC heap before
{Heap before GC invocations=262 (full 0):
 PSYoungGen      total 401408K, used 400477K [0x00000000d8c00000, 0x00000000fae00000, 0x0000000100000000)
  eden space 400384K, 99% used [0x00000000d8c00000,0x00000000f125e3c0,0x00000000f1300000)
  from space 1024K, 72% used [0x00000000fac80000,0x00000000fad39238,0x00000000fad80000)
  to   space 512K, 0% used [0x00000000fad80000,0x00000000fad80000,0x00000000fae00000)
 ParOldGen       total 80896K, used 13633K [0x000000008a400000, 0x000000008f300000, 0x00000000d8c00000)
  object space 80896K, 16% used [0x000000008a400000,0x000000008b150428,0x000000008f300000)
 Metaspace       used 3297K, capacity 4486K, committed 4864K, reserved 1056768K
  class space    used 362K, capacity 386K, committed 512K, reserved 1048576K
Event: 195.488 GC heap after
Heap after GC invocations=262 (full 0):
 PSYoungGen      total 481280K, used 32K [0x00000000d8c00000, 0x00000000fae00000, 0x0000000100000000)
  eden space 480768K, 0% used [0x00000000d8c00000,0x00000000d8c00000,0x00000000f6180000)
  from space 512K, 6% used [0x00000000fad80000,0x00000000fad88000,0x00000000fae00000)
  to   space 1536K, 0% used [0x00000000fab00000,0x00000000fab00000,0x00000000fac80000)
 ParOldGen       total 80896K, used 14343K [0x000000008a400000, 0x000000008f300000, 0x00000000d8c00000)
  object space 80896K, 17% used [0x000000008a400000,0x000000008b201f48,0x000000008f300000)
 Metaspace       used 3297K, capacity 4486K, committed 4864K, reserved 1056768K
  class space    used 362K, capacity 386K, committed 512K, reserved 1048576K
}
Event: 196.895 GC heap before
{Heap before GC invocations=263 (full 0):
 PSYoungGen      total 481280K, used 480335K [0x00000000d8c00000, 0x00000000fae00000, 0x0000000100000000)
  eden space 480768K, 99% used [0x00000000d8c00000,0x00000000f610bd00,0x00000000f6180000)
  from space 512K, 6% used [0x00000000fad80000,0x00000000fad88000,0x00000000fae00000)
  to   space 1536K, 0% used [0x00000000fab00000,0x00000000fab00000,0x00000000fac80000)
 ParOldGen       total 80896K, used 14343K [0x000000008a400000, 0x000000008f300000, 0x00000000d8c00000)
  object space 80896K, 17% used [0x000000008a400000,0x000000008b201f48,0x000000008f300000)
 Metaspace       used 3297K, capacity 4486K, committed 4864K, reserved 1056768K
  class space    used 362K, capacity 386K, committed 512K, reserved 1048576K
Event: 196.929 GC heap after
Heap after GC invocations=263 (full 0):
 PSYoungGen      total 557568K, used 745K [0x00000000d8c00000, 0x00000000fc280000, 0x0000000100000000)
  eden space 556032K, 0% used [0x00000000d8c00000,0x00000000d8c00000,0x00000000fab00000)
  from space 1536K, 48% used [0x00000000fab00000,0x00000000fabba5a8,0x00000000fac80000)
  to   space 1536K, 0% used [0x00000000fc100000,0x00000000fc100000,0x00000000fc280000)
 ParOldGen       total 80896K, used 14343K [0x000000008a400000, 0x000000008f300000, 0x00000000d8c00000)
  object space 80896K, 17% used [0x000000008a400000,0x000000008b201f48,0x000000008f300000)
 Metaspace       used 3297K, capacity 4486K, committed 4864K, reserved 1056768K
  class space    used 362K, capacity 386K, committed 512K, reserved 1048576K
}
Event: 199.678 GC heap before
{Heap before GC invocations=264 (full 0):
 PSYoungGen      total 557568K, used 556629K [0x00000000d8c00000, 0x00000000fc280000, 0x0000000100000000)
  eden space 556032K, 99% used [0x00000000d8c00000,0x00000000faadb068,0x00000000fab00000)
  from space 1536K, 48% used [0x00000000fab00000,0x00000000fabba5a8,0x00000000fac80000)
  to   space 1536K, 0% used [0x00000000fc100000,0x00000000fc100000,0x00000000fc280000)
 ParOldGen       total 80896K, used 14343K [0x000000008a400000, 0x000000008f300000, 0x00000000d8c00000)
  object space 80896K, 17% used [0x000000008a400000,0x000000008b201f48,0x000000008f300000)
 Metaspace       used 3297K, capacity 4486K, committed 4864K, reserved 1056768K
  class space    used 362K, capacity 386K, committed 512K, reserved 1048576K

