# JRE version: OpenJDK Runtime Environment (8.0_222-b10) (build 1.8.0_222-8u222-b10-1ubuntu1~18.04.1-b10)
# Java VM: OpenJDK 64-Bit Server VM (25.222-b10 mixed mode linux-amd64 compressed oops)
Heap:
 PSYoungGen      total 574976K, used 850K [0x00000000d8c00000, 0x00000000fbf00000, 0x0000000100000000)
  eden space 573440K, 0% used [0x00000000d8c00000,0x00000000d8c00000,0x00000000fbc00000)
  from space 1536K, 55% used [0x00000000fbc00000,0x00000000fbcd4a48,0x00000000fbd80000)
  to   space 1536K, 0% used [0x00000000fbd80000,0x00000000fbd80000,0x00000000fbf00000)
 ParOldGen       total 80896K, used 32283K [0x000000008a400000, 0x000000008f300000, 0x00000000d8c00000)
  object space 80896K, 39% used [0x000000008a400000,0x000000008c386f20,0x000000008f300000)
 Metaspace       used 3297K, capacity 4486K, committed 4864K, reserved 1056768K
  class space    used 362K, capacity 386K, committed 512K, reserved 1048576K
GC Heap History (10 events):
Event: 283.075 GC heap after
Heap after GC invocations=560 (full 0):
 PSYoungGen      total 398336K, used 32K [0x00000000d8c00000, 0x00000000f3a80000, 0x0000000100000000)
  eden space 397824K, 0% used [0x00000000d8c00000,0x00000000d8c00000,0x00000000f1080000)
  from space 512K, 6% used [0x00000000f3a00000,0x00000000f3a08000,0x00000000f3a80000)
  to   space 1536K, 0% used [0x00000000f3780000,0x00000000f3780000,0x00000000f3900000)
 ParOldGen       total 80896K, used 32283K [0x000000008a400000, 0x000000008f300000, 0x00000000d8c00000)
  object space 80896K, 39% used [0x000000008a400000,0x000000008c386f20,0x000000008f300000)
 Metaspace       used 3297K, capacity 4486K, committed 4864K, reserved 1056768K
  class space    used 362K, capacity 386K, committed 512K, reserved 1048576K
}
Event: 283.732 GC heap before
{Heap before GC invocations=561 (full 0):
 PSYoungGen      total 398336K, used 397498K [0x00000000d8c00000, 0x00000000f3a80000, 0x0000000100000000)
  eden space 397824K, 99% used [0x00000000d8c00000,0x00000000f1026920,0x00000000f1080000)
  from space 512K, 6% used [0x00000000f3a00000,0x00000000f3a08000,0x00000000f3a80000)
  to   space 1536K, 0% used [0x00000000f3780000,0x00000000f3780000,0x00000000f3900000)
 ParOldGen       total 80896K, used 32283K [0x000000008a400000, 0x000000008f300000, 0x00000000d8c00000)
  object space 80896K, 39% used [0x000000008a400000,0x000000008c386f20,0x000000008f300000)
 Metaspace       used 3297K, capacity 4486K, committed 4864K, reserved 1056768K
  class space    used 362K, capacity 386K, committed 512K, reserved 1048576K
Event: 283.734 GC heap after
Heap after GC invocations=561 (full 0):
 PSYoungGen      total 439296K, used 841K [0x00000000d8c00000, 0x00000000f6180000, 0x0000000100000000)
  eden space 437760K, 0% used [0x00000000d8c00000,0x00000000d8c00000,0x00000000f3780000)
  from space 1536K, 54% used [0x00000000f3780000,0x00000000f3852480,0x00000000f3900000)
  to   space 1536K, 0% used [0x00000000f6000000,0x00000000f6000000,0x00000000f6180000)
 ParOldGen       total 80896K, used 32283K [0x000000008a400000, 0x000000008f300000, 0x00000000d8c00000)
  object space 80896K, 39% used [0x000000008a400000,0x000000008c386f20,0x000000008f300000)
 Metaspace       used 3297K, capacity 4486K, committed 4864K, reserved 1056768K
  class space    used 362K, capacity 386K, committed 512K, reserved 1048576K
}
Event: 284.642 GC heap before
{Heap before GC invocations=562 (full 0):
 PSYoungGen      total 439296K, used 438157K [0x00000000d8c00000, 0x00000000f6180000, 0x0000000100000000)
  eden space 437760K, 99% used [0x00000000d8c00000,0x00000000f3711188,0x00000000f3780000)
  from space 1536K, 54% used [0x00000000f3780000,0x00000000f3852480,0x00000000f3900000)
  to   space 1536K, 0% used [0x00000000f6000000,0x00000000f6000000,0x00000000f6180000)
 ParOldGen       total 80896K, used 32283K [0x000000008a400000, 0x000000008f300000, 0x00000000d8c00000)
  object space 80896K, 39% used [0x000000008a400000,0x000000008c386f20,0x000000008f300000)
 Metaspace       used 3297K, capacity 4486K, committed 4864K, reserved 1056768K
  class space    used 362K, capacity 386K, committed 512K, reserved 1048576K
Event: 284.645 GC heap after
Heap after GC invocations=562 (full 0):
 PSYoungGen      total 479232K, used 843K [0x00000000d8c00000, 0x00000000f9000000, 0x0000000100000000)
  eden space 477696K, 0% used [0x00000000d8c00000,0x00000000d8c00000,0x00000000f5e80000)
  from space 1536K, 54% used [0x00000000f6000000,0x00000000f60d2d08,0x00000000f6180000)
  to   space 1536K, 0% used [0x00000000f5e80000,0x00000000f5e80000,0x00000000f6000000)
 ParOldGen       total 80896K, used 32283K [0x000000008a400000, 0x000000008f300000, 0x00000000d8c00000)
  object space 80896K, 39% used [0x000000008a400000,0x000000008c386f20,0x000000008f300000)
 Metaspace       used 3297K, capacity 4486K, committed 4864K, reserved 1056768K
  class space    used 362K, capacity 386K, committed 512K, reserved 1048576K
}
Event: 286.203 GC heap before
{Heap before GC invocations=563 (full 0):
 PSYoungGen      total 479232K, used 478307K [0x00000000d8c00000, 0x00000000f9000000, 0x0000000100000000)
  eden space 477696K, 99% used [0x00000000d8c00000,0x00000000f5e45ff8,0x00000000f5e80000)
  from space 1536K, 54% used [0x00000000f6000000,0x00000000f60d2d08,0x00000000f6180000)
  to   space 1536K, 0% used [0x00000000f5e80000,0x00000000f5e80000,0x00000000f6000000)
 ParOldGen       total 80896K, used 32283K [0x000000008a400000, 0x000000008f300000, 0x00000000d8c00000)
  object space 80896K, 39% used [0x000000008a400000,0x000000008c386f20,0x000000008f300000)
 Metaspace       used 3297K, capacity 4486K, committed 4864K, reserved 1056768K
  class space    used 362K, capacity 386K, committed 512K, reserved 1048576K
Event: 286.207 GC heap after
Heap after GC invocations=563 (full 0):
 PSYoungGen      total 479232K, used 845K [0x00000000d8c00000, 0x00000000fbf00000, 0x0000000100000000)
  eden space 477696K, 0% used [0x00000000d8c00000,0x00000000d8c00000,0x00000000f5e80000)
  from space 1536K, 55% used [0x00000000f5e80000,0x00000000f5f53618,0x00000000f6000000)
  to   space 1536K, 0% used [0x00000000fbd80000,0x00000000fbd80000,0x00000000fbf00000)
 ParOldGen       total 80896K, used 32283K [0x000000008a400000, 0x000000008f300000, 0x00000000d8c00000)
  object space 80896K, 39% used [0x000000008a400000,0x000000008c386f20,0x000000008f300000)
 Metaspace       used 3297K, capacity 4486K, committed 4864K, reserved 1056768K
  class space    used 362K, capacity 386K, committed 512K, reserved 1048576K
}
Event: 286.788 GC heap before
{Heap before GC invocations=564 (full 0):
 PSYoungGen      total 479232K, used 478002K [0x00000000d8c00000, 0x00000000fbf00000, 0x0000000100000000)
  eden space 477696K, 99% used [0x00000000d8c00000,0x00000000f5df9590,0x00000000f5e80000)
  from space 1536K, 55% used [0x00000000f5e80000,0x00000000f5f53618,0x00000000f6000000)
  to   space 1536K, 0% used [0x00000000fbd80000,0x00000000fbd80000,0x00000000fbf00000)
 ParOldGen       total 80896K, used 32283K [0x000000008a400000, 0x000000008f300000, 0x00000000d8c00000)
  object space 80896K, 39% used [0x000000008a400000,0x000000008c386f20,0x000000008f300000)
 Metaspace       used 3297K, capacity 4486K, committed 4864K, reserved 1056768K
  class space    used 362K, capacity 386K, committed 512K, reserved 1048576K
Event: 287.934 GC heap after
Heap after GC invocations=564 (full 0):
 PSYoungGen      total 574976K, used 847K [0x00000000d8c00000, 0x00000000fbf00000, 0x0000000100000000)
  eden space 573440K, 0% used [0x00000000d8c00000,0x00000000d8c00000,0x00000000fbc00000)
  from space 1536K, 55% used [0x00000000fbd80000,0x00000000fbe53f58,0x00000000fbf00000)
  to   space 1536K, 0% used [0x00000000fbc00000,0x00000000fbc00000,0x00000000fbd80000)
 ParOldGen       total 80896K, used 32283K [0x000000008a400000, 0x000000008f300000, 0x00000000d8c00000)
  object space 80896K, 39% used [0x000000008a400000,0x000000008c386f20,0x000000008f300000)
 Metaspace       used 3297K, capacity 4486K, committed 4864K, reserved 1056768K
  class space    used 362K, capacity 386K, committed 512K, reserved 1048576K
}
Event: 299.943 GC heap before
{Heap before GC invocations=565 (full 0):
 PSYoungGen      total 574976K, used 573829K [0x00000000d8c00000, 0x00000000fbf00000, 0x0000000100000000)
  eden space 573440K, 99% used [0x00000000d8c00000,0x00000000fbb8d670,0x00000000fbc00000)
  from space 1536K, 55% used [0x00000000fbd80000,0x00000000fbe53f58,0x00000000fbf00000)
  to   space 1536K, 0% used [0x00000000fbc00000,0x00000000fbc00000,0x00000000fbd80000)
 ParOldGen       total 80896K, used 32283K [0x000000008a400000, 0x000000008f300000, 0x00000000d8c00000)
  object space 80896K, 39% used [0x000000008a400000,0x000000008c386f20,0x000000008f300000)
 Metaspace       used 3297K, capacity 4486K, committed 4864K, reserved 1056768K
  class space    used 362K, capacity 386K, committed 512K, reserved 1048576K

