# JRE version: OpenJDK Runtime Environment (8.0_222-b10) (build 1.8.0_222-8u222-b10-1ubuntu1~18.04.1-b10)
# Java VM: OpenJDK 64-Bit Server VM (25.222-b10 mixed mode linux-amd64 compressed oops)
Heap:
 PSYoungGen      total 574464K, used 457K [0x00000000d8c00000, 0x00000000fbe80000, 0x0000000100000000)
  eden space 572928K, 0% used [0x00000000d8c00000,0x00000000d8c00000,0x00000000fbb80000)
  from space 1536K, 29% used [0x00000000fbb80000,0x00000000fbbf2648,0x00000000fbd00000)
  to   space 1536K, 0% used [0x00000000fbd00000,0x00000000fbd00000,0x00000000fbe80000)
 ParOldGen       total 80896K, used 1025K [0x000000008a400000, 0x000000008f300000, 0x00000000d8c00000)
  object space 80896K, 1% used [0x000000008a400000,0x000000008a500770,0x000000008f300000)
 Metaspace       used 3290K, capacity 4486K, committed 4864K, reserved 1056768K
  class space    used 362K, capacity 386K, committed 512K, reserved 1048576K
GC Heap History (10 events):
Event: 89.170 GC heap after
Heap after GC invocations=144 (full 0):
 PSYoungGen      total 398848K, used 839K [0x00000000d8c00000, 0x00000000f1300000, 0x0000000100000000)
  eden space 397312K, 0% used [0x00000000d8c00000,0x00000000d8c00000,0x00000000f1000000)
  from space 1536K, 54% used [0x00000000f1180000,0x00000000f1251e00,0x00000000f1300000)
  to   space 1536K, 0% used [0x00000000f1000000,0x00000000f1000000,0x00000000f1180000)
 ParOldGen       total 80896K, used 1025K [0x000000008a400000, 0x000000008f300000, 0x00000000d8c00000)
  object space 80896K, 1% used [0x000000008a400000,0x000000008a500770,0x000000008f300000)
 Metaspace       used 3290K, capacity 4486K, committed 4864K, reserved 1056768K
  class space    used 362K, capacity 386K, committed 512K, reserved 1048576K
}
Event: 96.212 GC heap before
{Heap before GC invocations=145 (full 0):
 PSYoungGen      total 398848K, used 397833K [0x00000000d8c00000, 0x00000000f1300000, 0x0000000100000000)
  eden space 397312K, 99% used [0x00000000d8c00000,0x00000000f0fb0938,0x00000000f1000000)
  from space 1536K, 54% used [0x00000000f1180000,0x00000000f1251e00,0x00000000f1300000)
  to   space 1536K, 0% used [0x00000000f1000000,0x00000000f1000000,0x00000000f1180000)
 ParOldGen       total 80896K, used 1025K [0x000000008a400000, 0x000000008f300000, 0x00000000d8c00000)
  object space 80896K, 1% used [0x000000008a400000,0x000000008a500770,0x000000008f300000)
 Metaspace       used 3290K, capacity 4486K, committed 4864K, reserved 1056768K
  class space    used 362K, capacity 386K, committed 512K, reserved 1048576K
Event: 96.215 GC heap after
Heap after GC invocations=145 (full 0):
 PSYoungGen      total 398848K, used 847K [0x00000000d8c00000, 0x00000000f6100000, 0x0000000100000000)
  eden space 397312K, 0% used [0x00000000d8c00000,0x00000000d8c00000,0x00000000f1000000)
  from space 1536K, 55% used [0x00000000f1000000,0x00000000f10d3c90,0x00000000f1180000)
  to   space 1536K, 0% used [0x00000000f5f80000,0x00000000f5f80000,0x00000000f6100000)
 ParOldGen       total 80896K, used 1025K [0x000000008a400000, 0x000000008f300000, 0x00000000d8c00000)
  object space 80896K, 1% used [0x000000008a400000,0x000000008a500770,0x000000008f300000)
 Metaspace       used 3290K, capacity 4486K, committed 4864K, reserved 1056768K
  class space    used 362K, capacity 386K, committed 512K, reserved 1048576K
}
Event: 97.586 GC heap before
{Heap before GC invocations=146 (full 0):
 PSYoungGen      total 398848K, used 398159K [0x00000000d8c00000, 0x00000000f6100000, 0x0000000100000000)
  eden space 397312K, 100% used [0x00000000d8c00000,0x00000000f1000000,0x00000000f1000000)
  from space 1536K, 55% used [0x00000000f1000000,0x00000000f10d3c90,0x00000000f1180000)
  to   space 1536K, 0% used [0x00000000f5f80000,0x00000000f5f80000,0x00000000f6100000)
 ParOldGen       total 80896K, used 1025K [0x000000008a400000, 0x000000008f300000, 0x00000000d8c00000)
  object space 80896K, 1% used [0x000000008a400000,0x000000008a500770,0x000000008f300000)
 Metaspace       used 3290K, capacity 4486K, committed 4864K, reserved 1056768K
  class space    used 362K, capacity 386K, committed 512K, reserved 1048576K
Event: 97.588 GC heap after
Heap after GC invocations=146 (full 0):
 PSYoungGen      total 478720K, used 443K [0x00000000d8c00000, 0x00000000f6100000, 0x0000000100000000)
  eden space 477184K, 0% used [0x00000000d8c00000,0x00000000d8c00000,0x00000000f5e00000)
  from space 1536K, 28% used [0x00000000f5f80000,0x00000000f5feed60,0x00000000f6100000)
  to   space 1536K, 0% used [0x00000000f5e00000,0x00000000f5e00000,0x00000000f5f80000)
 ParOldGen       total 80896K, used 1025K [0x000000008a400000, 0x000000008f300000, 0x00000000d8c00000)
  object space 80896K, 1% used [0x000000008a400000,0x000000008a500770,0x000000008f300000)
 Metaspace       used 3290K, capacity 4486K, committed 4864K, reserved 1056768K
  class space    used 362K, capacity 386K, committed 512K, reserved 1048576K
}
Event: 100.075 GC heap before
{Heap before GC invocations=147 (full 0):
 PSYoungGen      total 478720K, used 477399K [0x00000000d8c00000, 0x00000000f6100000, 0x0000000100000000)
  eden space 477184K, 99% used [0x00000000d8c00000,0x00000000f5dc71f0,0x00000000f5e00000)
  from space 1536K, 28% used [0x00000000f5f80000,0x00000000f5feed60,0x00000000f6100000)
  to   space 1536K, 0% used [0x00000000f5e00000,0x00000000f5e00000,0x00000000f5f80000)
 ParOldGen       total 80896K, used 1025K [0x000000008a400000, 0x000000008f300000, 0x00000000d8c00000)
  object space 80896K, 1% used [0x000000008a400000,0x000000008a500770,0x000000008f300000)
 Metaspace       used 3290K, capacity 4486K, committed 4864K, reserved 1056768K
  class space    used 362K, capacity 386K, committed 512K, reserved 1048576K
Event: 100.079 GC heap after
Heap after GC invocations=147 (full 0):
 PSYoungGen      total 478720K, used 863K [0x00000000d8c00000, 0x00000000fbe80000, 0x0000000100000000)
  eden space 477184K, 0% used [0x00000000d8c00000,0x00000000d8c00000,0x00000000f5e00000)
  from space 1536K, 56% used [0x00000000f5e00000,0x00000000f5ed7eb0,0x00000000f5f80000)
  to   space 1536K, 0% used [0x00000000fbd00000,0x00000000fbd00000,0x00000000fbe80000)
 ParOldGen       total 80896K, used 1025K [0x000000008a400000, 0x000000008f300000, 0x00000000d8c00000)
  object space 80896K, 1% used [0x000000008a400000,0x000000008a500770,0x000000008f300000)
 Metaspace       used 3290K, capacity 4486K, committed 4864K, reserved 1056768K
  class space    used 362K, capacity 386K, committed 512K, reserved 1048576K
}
Event: 102.383 GC heap before
{Heap before GC invocations=148 (full 0):
 PSYoungGen      total 478720K, used 477797K [0x00000000d8c00000, 0x00000000fbe80000, 0x0000000100000000)
  eden space 477184K, 99% used [0x00000000d8c00000,0x00000000f5dc1928,0x00000000f5e00000)
  from space 1536K, 56% used [0x00000000f5e00000,0x00000000f5ed7eb0,0x00000000f5f80000)
  to   space 1536K, 0% used [0x00000000fbd00000,0x00000000fbd00000,0x00000000fbe80000)
 ParOldGen       total 80896K, used 1025K [0x000000008a400000, 0x000000008f300000, 0x00000000d8c00000)
  object space 80896K, 1% used [0x000000008a400000,0x000000008a500770,0x000000008f300000)
 Metaspace       used 3290K, capacity 4486K, committed 4864K, reserved 1056768K
  class space    used 362K, capacity 386K, committed 512K, reserved 1048576K
Event: 102.385 GC heap after
Heap after GC invocations=148 (full 0):
 PSYoungGen      total 574464K, used 872K [0x00000000d8c00000, 0x00000000fbe80000, 0x0000000100000000)
  eden space 572928K, 0% used [0x00000000d8c00000,0x00000000d8c00000,0x00000000fbb80000)
  from space 1536K, 56% used [0x00000000fbd00000,0x00000000fbdda250,0x00000000fbe80000)
  to   space 1536K, 0% used [0x00000000fbb80000,0x00000000fbb80000,0x00000000fbd00000)
 ParOldGen       total 80896K, used 1025K [0x000000008a400000, 0x000000008f300000, 0x00000000d8c00000)
  object space 80896K, 1% used [0x000000008a400000,0x000000008a500770,0x000000008f300000)
 Metaspace       used 3290K, capacity 4486K, committed 4864K, reserved 1056768K
  class space    used 362K, capacity 386K, committed 512K, reserved 1048576K
}
Event: 118.062 GC heap before
{Heap before GC invocations=149 (full 0):
 PSYoungGen      total 574464K, used 573659K [0x00000000d8c00000, 0x00000000fbe80000, 0x0000000100000000)
  eden space 572928K, 99% used [0x00000000d8c00000,0x00000000fbb5cd80,0x00000000fbb80000)
  from space 1536K, 56% used [0x00000000fbd00000,0x00000000fbdda250,0x00000000fbe80000)
  to   space 1536K, 0% used [0x00000000fbb80000,0x00000000fbb80000,0x00000000fbd00000)
 ParOldGen       total 80896K, used 1025K [0x000000008a400000, 0x000000008f300000, 0x00000000d8c00000)
  object space 80896K, 1% used [0x000000008a400000,0x000000008a500770,0x000000008f300000)
 Metaspace       used 3290K, capacity 4486K, committed 4864K, reserved 1056768K
  class space    used 362K, capacity 386K, committed 512K, reserved 1048576K

