# JRE version: OpenJDK Runtime Environment (8.0_222-b10) (build 1.8.0_222-8u222-b10-1ubuntu1~18.04.1-b10)
# Java VM: OpenJDK 64-Bit Server VM (25.222-b10 mixed mode linux-amd64 compressed oops)
Heap:
 PSYoungGen      total 495104K, used 818K [0x00000000d8c00000, 0x00000000f8480000, 0x0000000100000000)
  eden space 494080K, 0% used [0x00000000d8c00000,0x00000000d8c00000,0x00000000f6e80000)
  from space 1024K, 79% used [0x00000000f8380000,0x00000000f844c918,0x00000000f8480000)
  to   space 1536K, 0% used [0x00000000f8200000,0x00000000f8200000,0x00000000f8380000)
 ParOldGen       total 80896K, used 23707K [0x000000008a400000, 0x000000008f300000, 0x00000000d8c00000)
  object space 80896K, 29% used [0x000000008a400000,0x000000008bb26f38,0x000000008f300000)
 Metaspace       used 3297K, capacity 4486K, committed 4864K, reserved 1056768K
  class space    used 362K, capacity 386K, committed 512K, reserved 1048576K
GC Heap History (10 events):
Event: 173.326 GC heap after
Heap after GC invocations=377 (full 0):
 PSYoungGen      total 239104K, used 809K [0x00000000d8c00000, 0x00000000f8680000, 0x0000000100000000)
  eden space 238080K, 0% used [0x00000000d8c00000,0x00000000d8c00000,0x00000000e7480000)
  from space 1024K, 79% used [0x00000000f8400000,0x00000000f84ca5e8,0x00000000f8500000)
  to   space 1536K, 0% used [0x00000000f8500000,0x00000000f8500000,0x00000000f8680000)
 ParOldGen       total 80896K, used 23707K [0x000000008a400000, 0x000000008f300000, 0x00000000d8c00000)
  object space 80896K, 29% used [0x000000008a400000,0x000000008bb26f38,0x000000008f300000)
 Metaspace       used 3297K, capacity 4486K, committed 4864K, reserved 1056768K
  class space    used 362K, capacity 386K, committed 512K, reserved 1048576K
}
Event: 174.275 GC heap before
{Heap before GC invocations=378 (full 0):
 PSYoungGen      total 239104K, used 238889K [0x00000000d8c00000, 0x00000000f8680000, 0x0000000100000000)
  eden space 238080K, 100% used [0x00000000d8c00000,0x00000000e7480000,0x00000000e7480000)
  from space 1024K, 79% used [0x00000000f8400000,0x00000000f84ca5e8,0x00000000f8500000)
  to   space 1536K, 0% used [0x00000000f8500000,0x00000000f8500000,0x00000000f8680000)
 ParOldGen       total 80896K, used 23707K [0x000000008a400000, 0x000000008f300000, 0x00000000d8c00000)
  object space 80896K, 29% used [0x000000008a400000,0x000000008bb26f38,0x000000008f300000)
 Metaspace       used 3297K, capacity 4486K, committed 4864K, reserved 1056768K
  class space    used 362K, capacity 386K, committed 512K, reserved 1048576K
Event: 174.277 GC heap after
Heap after GC invocations=378 (full 0):
 PSYoungGen      total 286720K, used 810K [0x00000000d8c00000, 0x00000000f8600000, 0x0000000100000000)
  eden space 285696K, 0% used [0x00000000d8c00000,0x00000000d8c00000,0x00000000ea300000)
  from space 1024K, 79% used [0x00000000f8500000,0x00000000f85caaa0,0x00000000f8600000)
  to   space 1536K, 0% used [0x00000000f8300000,0x00000000f8300000,0x00000000f8480000)
 ParOldGen       total 80896K, used 23707K [0x000000008a400000, 0x000000008f300000, 0x00000000d8c00000)
  object space 80896K, 29% used [0x000000008a400000,0x000000008bb26f38,0x000000008f300000)
 Metaspace       used 3297K, capacity 4486K, committed 4864K, reserved 1056768K
  class space    used 362K, capacity 386K, committed 512K, reserved 1048576K
}
Event: 175.735 GC heap before
{Heap before GC invocations=379 (full 0):
 PSYoungGen      total 286720K, used 286293K [0x00000000d8c00000, 0x00000000f8600000, 0x0000000100000000)
  eden space 285696K, 99% used [0x00000000d8c00000,0x00000000ea2cab00,0x00000000ea300000)
  from space 1024K, 79% used [0x00000000f8500000,0x00000000f85caaa0,0x00000000f8600000)
  to   space 1536K, 0% used [0x00000000f8300000,0x00000000f8300000,0x00000000f8480000)
 ParOldGen       total 80896K, used 23707K [0x000000008a400000, 0x000000008f300000, 0x00000000d8c00000)
  object space 80896K, 29% used [0x000000008a400000,0x000000008bb26f38,0x000000008f300000)
 Metaspace       used 3297K, capacity 4486K, committed 4864K, reserved 1056768K
  class space    used 362K, capacity 386K, committed 512K, reserved 1048576K
Event: 175.745 GC heap after
Heap after GC invocations=379 (full 0):
 PSYoungGen      total 344064K, used 812K [0x00000000d8c00000, 0x00000000f8580000, 0x0000000100000000)
  eden space 343040K, 0% used [0x00000000d8c00000,0x00000000d8c00000,0x00000000edb00000)
  from space 1024K, 79% used [0x00000000f8300000,0x00000000f83cb058,0x00000000f8400000)
  to   space 1536K, 0% used [0x00000000f8400000,0x00000000f8400000,0x00000000f8580000)
 ParOldGen       total 80896K, used 23707K [0x000000008a400000, 0x000000008f300000, 0x00000000d8c00000)
  object space 80896K, 29% used [0x000000008a400000,0x000000008bb26f38,0x000000008f300000)
 Metaspace       used 3297K, capacity 4486K, committed 4864K, reserved 1056768K
  class space    used 362K, capacity 386K, committed 512K, reserved 1048576K
}
Event: 177.229 GC heap before
{Heap before GC invocations=380 (full 0):
 PSYoungGen      total 344064K, used 343417K [0x00000000d8c00000, 0x00000000f8580000, 0x0000000100000000)
  eden space 343040K, 99% used [0x00000000d8c00000,0x00000000eda93680,0x00000000edb00000)
  from space 1024K, 79% used [0x00000000f8300000,0x00000000f83cb058,0x00000000f8400000)
  to   space 1536K, 0% used [0x00000000f8400000,0x00000000f8400000,0x00000000f8580000)
 ParOldGen       total 80896K, used 23707K [0x000000008a400000, 0x000000008f300000, 0x00000000d8c00000)
  object space 80896K, 29% used [0x000000008a400000,0x000000008bb26f38,0x000000008f300000)
 Metaspace       used 3297K, capacity 4486K, committed 4864K, reserved 1056768K
  class space    used 362K, capacity 386K, committed 512K, reserved 1048576K
Event: 177.231 GC heap after
Heap after GC invocations=380 (full 0):
 PSYoungGen      total 412672K, used 813K [0x00000000d8c00000, 0x00000000f8500000, 0x0000000100000000)
  eden space 411648K, 0% used [0x00000000d8c00000,0x00000000d8c00000,0x00000000f1e00000)
  from space 1024K, 79% used [0x00000000f8400000,0x00000000f84cb730,0x00000000f8500000)
  to   space 1536K, 0% used [0x00000000f8200000,0x00000000f8200000,0x00000000f8380000)
 ParOldGen       total 80896K, used 23707K [0x000000008a400000, 0x000000008f300000, 0x00000000d8c00000)
  object space 80896K, 29% used [0x000000008a400000,0x000000008bb26f38,0x000000008f300000)
 Metaspace       used 3297K, capacity 4486K, committed 4864K, reserved 1056768K
  class space    used 362K, capacity 386K, committed 512K, reserved 1048576K
}
Event: 179.346 GC heap before
{Heap before GC invocations=381 (full 0):
 PSYoungGen      total 412672K, used 412144K [0x00000000d8c00000, 0x00000000f8500000, 0x0000000100000000)
  eden space 411648K, 99% used [0x00000000d8c00000,0x00000000f1db0c38,0x00000000f1e00000)
  from space 1024K, 79% used [0x00000000f8400000,0x00000000f84cb730,0x00000000f8500000)
  to   space 1536K, 0% used [0x00000000f8200000,0x00000000f8200000,0x00000000f8380000)
 ParOldGen       total 80896K, used 23707K [0x000000008a400000, 0x000000008f300000, 0x00000000d8c00000)
  object space 80896K, 29% used [0x000000008a400000,0x000000008bb26f38,0x000000008f300000)
 Metaspace       used 3297K, capacity 4486K, committed 4864K, reserved 1056768K
  class space    used 362K, capacity 386K, committed 512K, reserved 1048576K
Event: 179.348 GC heap after
Heap after GC invocations=381 (full 0):
 PSYoungGen      total 495616K, used 815K [0x00000000d8c00000, 0x00000000f8480000, 0x0000000100000000)
  eden space 494080K, 0% used [0x00000000d8c00000,0x00000000d8c00000,0x00000000f6e80000)
  from space 1536K, 53% used [0x00000000f8200000,0x00000000f82cbf48,0x00000000f8380000)
  to   space 1024K, 0% used [0x00000000f8380000,0x00000000f8380000,0x00000000f8480000)
 ParOldGen       total 80896K, used 23707K [0x000000008a400000, 0x000000008f300000, 0x00000000d8c00000)
  object space 80896K, 29% used [0x000000008a400000,0x000000008bb26f38,0x000000008f300000)
 Metaspace       used 3297K, capacity 4486K, committed 4864K, reserved 1056768K
  class space    used 362K, capacity 386K, committed 512K, reserved 1048576K
}
Event: 182.153 GC heap before
{Heap before GC invocations=382 (full 0):
 PSYoungGen      total 495616K, used 494247K [0x00000000d8c00000, 0x00000000f8480000, 0x0000000100000000)
  eden space 494080K, 99% used [0x00000000d8c00000,0x00000000f6dde020,0x00000000f6e80000)
  from space 1536K, 53% used [0x00000000f8200000,0x00000000f82cbf48,0x00000000f8380000)
  to   space 1024K, 0% used [0x00000000f8380000,0x00000000f8380000,0x00000000f8480000)
 ParOldGen       total 80896K, used 23707K [0x000000008a400000, 0x000000008f300000, 0x00000000d8c00000)
  object space 80896K, 29% used [0x000000008a400000,0x000000008bb26f38,0x000000008f300000)
 Metaspace       used 3297K, capacity 4486K, committed 4864K, reserved 1056768K
  class space    used 362K, capacity 386K, committed 512K, reserved 1048576K

