# JRE version: OpenJDK Runtime Environment (8.0_222-b10) (build 1.8.0_222-8u222-b10-1ubuntu1~18.04.1-b10)
# Java VM: OpenJDK 64-Bit Server VM (25.222-b10 mixed mode linux-amd64 compressed oops)
Heap:
 PSYoungGen      total 486912K, used 951K [0x00000000d8c00000, 0x00000000f6900000, 0x0000000100000000)
  eden space 485376K, 0% used [0x00000000d8c00000,0x00000000d8c00000,0x00000000f6600000)
  from space 1536K, 61% used [0x00000000f6600000,0x00000000f66edd50,0x00000000f6780000)
  to   space 1536K, 0% used [0x00000000f6780000,0x00000000f6780000,0x00000000f6900000)
 ParOldGen       total 80896K, used 1709K [0x000000008a400000, 0x000000008f300000, 0x00000000d8c00000)
  object space 80896K, 2% used [0x000000008a400000,0x000000008a5ab4a8,0x000000008f300000)
 Metaspace       used 3290K, capacity 4486K, committed 4864K, reserved 1056768K
  class space    used 362K, capacity 386K, committed 512K, reserved 1048576K
GC Heap History (10 events):
Event: 104.119 GC heap after
Heap after GC invocations=160 (full 0):
 PSYoungGen      total 337408K, used 474K [0x00000000d8c00000, 0x00000000ee580000, 0x0000000100000000)
  eden space 336896K, 0% used [0x00000000d8c00000,0x00000000d8c00000,0x00000000ed500000)
  from space 512K, 92% used [0x00000000ee500000,0x00000000ee576a38,0x00000000ee580000)
  to   space 1536K, 0% used [0x00000000ee280000,0x00000000ee280000,0x00000000ee400000)
 ParOldGen       total 80896K, used 1709K [0x000000008a400000, 0x000000008f300000, 0x00000000d8c00000)
  object space 80896K, 2% used [0x000000008a400000,0x000000008a5ab4a8,0x000000008f300000)
 Metaspace       used 3290K, capacity 4486K, committed 4864K, reserved 1056768K
  class space    used 362K, capacity 386K, committed 512K, reserved 1048576K
}
Event: 105.355 GC heap before
{Heap before GC invocations=161 (full 0):
 PSYoungGen      total 337408K, used 336965K [0x00000000d8c00000, 0x00000000ee580000, 0x0000000100000000)
  eden space 336896K, 99% used [0x00000000d8c00000,0x00000000ed49aa98,0x00000000ed500000)
  from space 512K, 92% used [0x00000000ee500000,0x00000000ee576a38,0x00000000ee580000)
  to   space 1536K, 0% used [0x00000000ee280000,0x00000000ee280000,0x00000000ee400000)
 ParOldGen       total 80896K, used 1709K [0x000000008a400000, 0x000000008f300000, 0x00000000d8c00000)
  object space 80896K, 2% used [0x000000008a400000,0x000000008a5ab4a8,0x000000008f300000)
 Metaspace       used 3290K, capacity 4486K, committed 4864K, reserved 1056768K
  class space    used 362K, capacity 386K, committed 512K, reserved 1048576K
Event: 105.364 GC heap after
Heap after GC invocations=161 (full 0):
 PSYoungGen      total 352256K, used 477K [0x00000000d8c00000, 0x00000000f1a00000, 0x0000000100000000)
  eden space 350720K, 0% used [0x00000000d8c00000,0x00000000d8c00000,0x00000000ee280000)
  from space 1536K, 31% used [0x00000000ee280000,0x00000000ee2f75f8,0x00000000ee400000)
  to   space 1536K, 0% used [0x00000000f1880000,0x00000000f1880000,0x00000000f1a00000)
 ParOldGen       total 80896K, used 1709K [0x000000008a400000, 0x000000008f300000, 0x00000000d8c00000)
  object space 80896K, 2% used [0x000000008a400000,0x000000008a5ab4a8,0x000000008f300000)
 Metaspace       used 3290K, capacity 4486K, committed 4864K, reserved 1056768K
  class space    used 362K, capacity 386K, committed 512K, reserved 1048576K
}
Event: 107.055 GC heap before
{Heap before GC invocations=162 (full 0):
 PSYoungGen      total 352256K, used 350823K [0x00000000d8c00000, 0x00000000f1a00000, 0x0000000100000000)
  eden space 350720K, 99% used [0x00000000d8c00000,0x00000000ee222878,0x00000000ee280000)
  from space 1536K, 31% used [0x00000000ee280000,0x00000000ee2f75f8,0x00000000ee400000)
  to   space 1536K, 0% used [0x00000000f1880000,0x00000000f1880000,0x00000000f1a00000)
 ParOldGen       total 80896K, used 1709K [0x000000008a400000, 0x000000008f300000, 0x00000000d8c00000)
  object space 80896K, 2% used [0x000000008a400000,0x000000008a5ab4a8,0x000000008f300000)
 Metaspace       used 3290K, capacity 4486K, committed 4864K, reserved 1056768K
  class space    used 362K, capacity 386K, committed 512K, reserved 1048576K
Event: 107.058 GC heap after
Heap after GC invocations=162 (full 0):
 PSYoungGen      total 406016K, used 929K [0x00000000d8c00000, 0x00000000f2a00000, 0x0000000100000000)
  eden space 404480K, 0% used [0x00000000d8c00000,0x00000000d8c00000,0x00000000f1700000)
  from space 1536K, 60% used [0x00000000f1880000,0x00000000f1968480,0x00000000f1a00000)
  to   space 1536K, 0% used [0x00000000f1700000,0x00000000f1700000,0x00000000f1880000)
 ParOldGen       total 80896K, used 1709K [0x000000008a400000, 0x000000008f300000, 0x00000000d8c00000)
  object space 80896K, 2% used [0x000000008a400000,0x000000008a5ab4a8,0x000000008f300000)
 Metaspace       used 3290K, capacity 4486K, committed 4864K, reserved 1056768K
  class space    used 362K, capacity 386K, committed 512K, reserved 1048576K
}
Event: 109.700 GC heap before
{Heap before GC invocations=163 (full 0):
 PSYoungGen      total 406016K, used 405259K [0x00000000d8c00000, 0x00000000f2a00000, 0x0000000100000000)
  eden space 404480K, 99% used [0x00000000d8c00000,0x00000000f16dab68,0x00000000f1700000)
  from space 1536K, 60% used [0x00000000f1880000,0x00000000f1968480,0x00000000f1a00000)
  to   space 1536K, 0% used [0x00000000f1700000,0x00000000f1700000,0x00000000f1880000)
 ParOldGen       total 80896K, used 1709K [0x000000008a400000, 0x000000008f300000, 0x00000000d8c00000)
  object space 80896K, 2% used [0x000000008a400000,0x000000008a5ab4a8,0x000000008f300000)
 Metaspace       used 3290K, capacity 4486K, committed 4864K, reserved 1056768K
  class space    used 362K, capacity 386K, committed 512K, reserved 1048576K
Event: 109.712 GC heap after
Heap after GC invocations=163 (full 0):
 PSYoungGen      total 406016K, used 484K [0x00000000d8c00000, 0x00000000f6900000, 0x0000000100000000)
  eden space 404480K, 0% used [0x00000000d8c00000,0x00000000d8c00000,0x00000000f1700000)
  from space 1536K, 31% used [0x00000000f1700000,0x00000000f1779038,0x00000000f1880000)
  to   space 1536K, 0% used [0x00000000f6780000,0x00000000f6780000,0x00000000f6900000)
 ParOldGen       total 80896K, used 1709K [0x000000008a400000, 0x000000008f300000, 0x00000000d8c00000)
  object space 80896K, 2% used [0x000000008a400000,0x000000008a5ab4a8,0x000000008f300000)
 Metaspace       used 3290K, capacity 4486K, committed 4864K, reserved 1056768K
  class space    used 362K, capacity 386K, committed 512K, reserved 1048576K
}
Event: 112.403 GC heap before
{Heap before GC invocations=164 (full 0):
 PSYoungGen      total 406016K, used 404720K [0x00000000d8c00000, 0x00000000f6900000, 0x0000000100000000)
  eden space 404480K, 99% used [0x00000000d8c00000,0x00000000f16c3370,0x00000000f1700000)
  from space 1536K, 31% used [0x00000000f1700000,0x00000000f1779038,0x00000000f1880000)
  to   space 1536K, 0% used [0x00000000f6780000,0x00000000f6780000,0x00000000f6900000)
 ParOldGen       total 80896K, used 1709K [0x000000008a400000, 0x000000008f300000, 0x00000000d8c00000)
  object space 80896K, 2% used [0x000000008a400000,0x000000008a5ab4a8,0x000000008f300000)
 Metaspace       used 3290K, capacity 4486K, committed 4864K, reserved 1056768K
  class space    used 362K, capacity 386K, committed 512K, reserved 1048576K
Event: 112.459 GC heap after
Heap after GC invocations=164 (full 0):
 PSYoungGen      total 486912K, used 487K [0x00000000d8c00000, 0x00000000f6900000, 0x0000000100000000)
  eden space 485376K, 0% used [0x00000000d8c00000,0x00000000d8c00000,0x00000000f6600000)
  from space 1536K, 31% used [0x00000000f6780000,0x00000000f67f9e20,0x00000000f6900000)
  to   space 1536K, 0% used [0x00000000f6600000,0x00000000f6600000,0x00000000f6780000)
 ParOldGen       total 80896K, used 1709K [0x000000008a400000, 0x000000008f300000, 0x00000000d8c00000)
  object space 80896K, 2% used [0x000000008a400000,0x000000008a5ab4a8,0x000000008f300000)
 Metaspace       used 3290K, capacity 4486K, committed 4864K, reserved 1056768K
  class space    used 362K, capacity 386K, committed 512K, reserved 1048576K
}
Event: 125.814 GC heap before
{Heap before GC invocations=165 (full 0):
 PSYoungGen      total 486912K, used 485863K [0x00000000d8c00000, 0x00000000f6900000, 0x0000000100000000)
  eden space 485376K, 100% used [0x00000000d8c00000,0x00000000f6600000,0x00000000f6600000)
  from space 1536K, 31% used [0x00000000f6780000,0x00000000f67f9e20,0x00000000f6900000)
  to   space 1536K, 0% used [0x00000000f6600000,0x00000000f6600000,0x00000000f6780000)
 ParOldGen       total 80896K, used 1709K [0x000000008a400000, 0x000000008f300000, 0x00000000d8c00000)
  object space 80896K, 2% used [0x000000008a400000,0x000000008a5ab4a8,0x000000008f300000)
 Metaspace       used 3290K, capacity 4486K, committed 4864K, reserved 1056768K
  class space    used 362K, capacity 386K, committed 512K, reserved 1048576K

