# JRE version: OpenJDK Runtime Environment (8.0_222-b10) (build 1.8.0_222-8u222-b10-1ubuntu1~18.04.1-b10)
# Java VM: OpenJDK 64-Bit Server VM (25.222-b10 mixed mode linux-amd64 compressed oops)
Heap:
 PSYoungGen      total 377344K, used 485K [0x00000000d8c00000, 0x00000000f0e80000, 0x0000000100000000)
  eden space 375808K, 0% used [0x00000000d8c00000,0x00000000d8c00000,0x00000000efb00000)
  from space 1536K, 31% used [0x00000000efb00000,0x00000000efb794c8,0x00000000efc80000)
  to   space 1536K, 0% used [0x00000000efc80000,0x00000000efc80000,0x00000000efe00000)
 ParOldGen       total 80896K, used 1738K [0x000000008a400000, 0x000000008f300000, 0x00000000d8c00000)
  object space 80896K, 2% used [0x000000008a400000,0x000000008a5b2aa8,0x000000008f300000)
 Metaspace       used 3290K, capacity 4486K, committed 4864K, reserved 1056768K
  class space    used 362K, capacity 386K, committed 512K, reserved 1048576K
GC Heap History (10 events):
Event: 67.229 GC heap after
Heap after GC invocations=230 (full 0):
 PSYoungGen      total 273920K, used 910K [0x00000000d8c00000, 0x00000000ecf00000, 0x0000000100000000)
  eden space 272896K, 0% used [0x00000000d8c00000,0x00000000d8c00000,0x00000000e9680000)
  from space 1024K, 88% used [0x00000000ece00000,0x00000000ecee38a0,0x00000000ecf00000)
  to   space 1536K, 0% used [0x00000000ecc00000,0x00000000ecc00000,0x00000000ecd80000)
 ParOldGen       total 80896K, used 1738K [0x000000008a400000, 0x000000008f300000, 0x00000000d8c00000)
  object space 80896K, 2% used [0x000000008a400000,0x000000008a5b2aa8,0x000000008f300000)
 Metaspace       used 3290K, capacity 4486K, committed 4864K, reserved 1056768K
  class space    used 362K, capacity 386K, committed 512K, reserved 1048576K
}
Event: 68.432 GC heap before
{Heap before GC invocations=231 (full 0):
 PSYoungGen      total 273920K, used 273609K [0x00000000d8c00000, 0x00000000ecf00000, 0x0000000100000000)
  eden space 272896K, 99% used [0x00000000d8c00000,0x00000000e964ebd0,0x00000000e9680000)
  from space 1024K, 88% used [0x00000000ece00000,0x00000000ecee38a0,0x00000000ecf00000)
  to   space 1536K, 0% used [0x00000000ecc00000,0x00000000ecc00000,0x00000000ecd80000)
 ParOldGen       total 80896K, used 1738K [0x000000008a400000, 0x000000008f300000, 0x00000000d8c00000)
  object space 80896K, 2% used [0x000000008a400000,0x000000008a5b2aa8,0x000000008f300000)
 Metaspace       used 3290K, capacity 4486K, committed 4864K, reserved 1056768K
  class space    used 362K, capacity 386K, committed 512K, reserved 1048576K
Event: 68.458 GC heap after
Heap after GC invocations=231 (full 0):
 PSYoungGen      total 329216K, used 914K [0x00000000d8c00000, 0x00000000ecf00000, 0x0000000100000000)
  eden space 327680K, 0% used [0x00000000d8c00000,0x00000000d8c00000,0x00000000ecc00000)
  from space 1536K, 59% used [0x00000000ecc00000,0x00000000ecce4be0,0x00000000ecd80000)
  to   space 1536K, 0% used [0x00000000ecd80000,0x00000000ecd80000,0x00000000ecf00000)
 ParOldGen       total 80896K, used 1738K [0x000000008a400000, 0x000000008f300000, 0x00000000d8c00000)
  object space 80896K, 2% used [0x000000008a400000,0x000000008a5b2aa8,0x000000008f300000)
 Metaspace       used 3290K, capacity 4486K, committed 4864K, reserved 1056768K
  class space    used 362K, capacity 386K, committed 512K, reserved 1048576K
}
Event: 80.499 GC heap before
{Heap before GC invocations=232 (full 0):
 PSYoungGen      total 329216K, used 328590K [0x00000000d8c00000, 0x00000000ecf00000, 0x0000000100000000)
  eden space 327680K, 99% used [0x00000000d8c00000,0x00000000ecbfed38,0x00000000ecc00000)
  from space 1536K, 59% used [0x00000000ecc00000,0x00000000ecce4be0,0x00000000ecd80000)
  to   space 1536K, 0% used [0x00000000ecd80000,0x00000000ecd80000,0x00000000ecf00000)
 ParOldGen       total 80896K, used 1738K [0x000000008a400000, 0x000000008f300000, 0x00000000d8c00000)
  object space 80896K, 2% used [0x000000008a400000,0x000000008a5b2aa8,0x000000008f300000)
 Metaspace       used 3290K, capacity 4486K, committed 4864K, reserved 1056768K
  class space    used 362K, capacity 386K, committed 512K, reserved 1048576K
Event: 80.502 GC heap after
Heap after GC invocations=232 (full 0):
 PSYoungGen      total 313856K, used 920K [0x00000000d8c00000, 0x00000000ece80000, 0x0000000100000000)
  eden space 312832K, 0% used [0x00000000d8c00000,0x00000000d8c00000,0x00000000ebd80000)
  from space 1024K, 89% used [0x00000000ecd80000,0x00000000ece66310,0x00000000ece80000)
  to   space 1536K, 0% used [0x00000000ecb80000,0x00000000ecb80000,0x00000000ecd00000)
 ParOldGen       total 80896K, used 1738K [0x000000008a400000, 0x000000008f300000, 0x00000000d8c00000)
  object space 80896K, 2% used [0x000000008a400000,0x000000008a5b2aa8,0x000000008f300000)
 Metaspace       used 3290K, capacity 4486K, committed 4864K, reserved 1056768K
  class space    used 362K, capacity 386K, committed 512K, reserved 1048576K
}
Event: 80.710 GC heap before
{Heap before GC invocations=233 (full 0):
 PSYoungGen      total 313856K, used 313453K [0x00000000d8c00000, 0x00000000ece80000, 0x0000000100000000)
  eden space 312832K, 99% used [0x00000000d8c00000,0x00000000ebd35290,0x00000000ebd80000)
  from space 1024K, 89% used [0x00000000ecd80000,0x00000000ece66310,0x00000000ece80000)
  to   space 1536K, 0% used [0x00000000ecb80000,0x00000000ecb80000,0x00000000ecd00000)
 ParOldGen       total 80896K, used 1738K [0x000000008a400000, 0x000000008f300000, 0x00000000d8c00000)
  object space 80896K, 2% used [0x000000008a400000,0x000000008a5b2aa8,0x000000008f300000)
 Metaspace       used 3290K, capacity 4486K, committed 4864K, reserved 1056768K
  class space    used 362K, capacity 386K, committed 512K, reserved 1048576K
Event: 80.716 GC heap after
Heap after GC invocations=233 (full 0):
 PSYoungGen      total 328704K, used 926K [0x00000000d8c00000, 0x00000000efe00000, 0x0000000100000000)
  eden space 327168K, 0% used [0x00000000d8c00000,0x00000000d8c00000,0x00000000ecb80000)
  from space 1536K, 60% used [0x00000000ecb80000,0x00000000ecc678f0,0x00000000ecd00000)
  to   space 1536K, 0% used [0x00000000efc80000,0x00000000efc80000,0x00000000efe00000)
 ParOldGen       total 80896K, used 1738K [0x000000008a400000, 0x000000008f300000, 0x00000000d8c00000)
  object space 80896K, 2% used [0x000000008a400000,0x000000008a5b2aa8,0x000000008f300000)
 Metaspace       used 3290K, capacity 4486K, committed 4864K, reserved 1056768K
  class space    used 362K, capacity 386K, committed 512K, reserved 1048576K
}
Event: 81.022 GC heap before
{Heap before GC invocations=234 (full 0):
 PSYoungGen      total 328704K, used 327727K [0x00000000d8c00000, 0x00000000efe00000, 0x0000000100000000)
  eden space 327168K, 99% used [0x00000000d8c00000,0x00000000ecb245b0,0x00000000ecb80000)
  from space 1536K, 60% used [0x00000000ecb80000,0x00000000ecc678f0,0x00000000ecd00000)
  to   space 1536K, 0% used [0x00000000efc80000,0x00000000efc80000,0x00000000efe00000)
 ParOldGen       total 80896K, used 1738K [0x000000008a400000, 0x000000008f300000, 0x00000000d8c00000)
  object space 80896K, 2% used [0x000000008a400000,0x000000008a5b2aa8,0x000000008f300000)
 Metaspace       used 3290K, capacity 4486K, committed 4864K, reserved 1056768K
  class space    used 362K, capacity 386K, committed 512K, reserved 1048576K
Event: 81.026 GC heap after
Heap after GC invocations=234 (full 0):
 PSYoungGen      total 377344K, used 931K [0x00000000d8c00000, 0x00000000f0e80000, 0x0000000100000000)
  eden space 375808K, 0% used [0x00000000d8c00000,0x00000000d8c00000,0x00000000efb00000)
  from space 1536K, 60% used [0x00000000efc80000,0x00000000efd68fb0,0x00000000efe00000)
  to   space 1536K, 0% used [0x00000000efb00000,0x00000000efb00000,0x00000000efc80000)
 ParOldGen       total 80896K, used 1738K [0x000000008a400000, 0x000000008f300000, 0x00000000d8c00000)
  object space 80896K, 2% used [0x000000008a400000,0x000000008a5b2aa8,0x000000008f300000)
 Metaspace       used 3290K, capacity 4486K, committed 4864K, reserved 1056768K
  class space    used 362K, capacity 386K, committed 512K, reserved 1048576K
}
Event: 88.712 GC heap before
{Heap before GC invocations=235 (full 0):
 PSYoungGen      total 377344K, used 376496K [0x00000000d8c00000, 0x00000000f0e80000, 0x0000000100000000)
  eden space 375808K, 99% used [0x00000000d8c00000,0x00000000efac3058,0x00000000efb00000)
  from space 1536K, 60% used [0x00000000efc80000,0x00000000efd68fb0,0x00000000efe00000)
  to   space 1536K, 0% used [0x00000000efb00000,0x00000000efb00000,0x00000000efc80000)
 ParOldGen       total 80896K, used 1738K [0x000000008a400000, 0x000000008f300000, 0x00000000d8c00000)
  object space 80896K, 2% used [0x000000008a400000,0x000000008a5b2aa8,0x000000008f300000)
 Metaspace       used 3290K, capacity 4486K, committed 4864K, reserved 1056768K
  class space    used 362K, capacity 386K, committed 512K, reserved 1048576K

