# JRE version: OpenJDK Runtime Environment (8.0_222-b10) (build 1.8.0_222-8u222-b10-1ubuntu1~18.04.1-b10)
# Java VM: OpenJDK 64-Bit Server VM (25.222-b10 mixed mode linux-amd64 compressed oops)
Heap:
 PSYoungGen      total 464384K, used 577K [0x00000000d8c00000, 0x00000000f6780000, 0x0000000100000000)
  eden space 463360K, 0% used [0x00000000d8c00000,0x00000000d8c00000,0x00000000f5080000)
  from space 1024K, 56% used [0x00000000f5080000,0x00000000f51105e0,0x00000000f5180000)
  to   space 1024K, 0% used [0x00000000f5180000,0x00000000f5180000,0x00000000f5280000)
 ParOldGen       total 80896K, used 9608K [0x000000008a400000, 0x000000008f300000, 0x00000000d8c00000)
  object space 80896K, 11% used [0x000000008a400000,0x000000008ad623c8,0x000000008f300000)
 Metaspace       used 3295K, capacity 4486K, committed 4864K, reserved 1056768K
  class space    used 362K, capacity 386K, committed 512K, reserved 1048576K
GC Heap History (10 events):
Event: 97.038 GC heap after
Heap after GC invocations=322 (full 0):
 PSYoungGen      total 370176K, used 563K [0x00000000d8c00000, 0x00000000f5300000, 0x0000000100000000)
  eden space 369152K, 0% used [0x00000000d8c00000,0x00000000d8c00000,0x00000000ef480000)
  from space 1024K, 55% used [0x00000000f5200000,0x00000000f528ce38,0x00000000f5300000)
  to   space 1024K, 0% used [0x00000000f5100000,0x00000000f5100000,0x00000000f5200000)
 ParOldGen       total 80896K, used 9072K [0x000000008a400000, 0x000000008f300000, 0x00000000d8c00000)
  object space 80896K, 11% used [0x000000008a400000,0x000000008acdc098,0x000000008f300000)
 Metaspace       used 3295K, capacity 4486K, committed 4864K, reserved 1056768K
  class space    used 362K, capacity 386K, committed 512K, reserved 1048576K
}
Event: 97.590 GC heap before
{Heap before GC invocations=323 (full 0):
 PSYoungGen      total 370176K, used 369268K [0x00000000d8c00000, 0x00000000f5300000, 0x0000000100000000)
  eden space 369152K, 99% used [0x00000000d8c00000,0x00000000ef4101f0,0x00000000ef480000)
  from space 1024K, 55% used [0x00000000f5200000,0x00000000f528ce38,0x00000000f5300000)
  to   space 1024K, 0% used [0x00000000f5100000,0x00000000f5100000,0x00000000f5200000)
 ParOldGen       total 80896K, used 9072K [0x000000008a400000, 0x000000008f300000, 0x00000000d8c00000)
  object space 80896K, 11% used [0x000000008a400000,0x000000008acdc098,0x000000008f300000)
 Metaspace       used 3295K, capacity 4486K, committed 4864K, reserved 1056768K
  class space    used 362K, capacity 386K, committed 512K, reserved 1048576K
Event: 97.592 GC heap after
Heap after GC invocations=323 (full 0):
 PSYoungGen      total 353280K, used 566K [0x00000000d8c00000, 0x00000000f5280000, 0x0000000100000000)
  eden space 352256K, 0% used [0x00000000d8c00000,0x00000000d8c00000,0x00000000ee400000)
  from space 1024K, 55% used [0x00000000f5100000,0x00000000f518d920,0x00000000f5200000)
  to   space 512K, 0% used [0x00000000f5200000,0x00000000f5200000,0x00000000f5280000)
 ParOldGen       total 80896K, used 9072K [0x000000008a400000, 0x000000008f300000, 0x00000000d8c00000)
  object space 80896K, 11% used [0x000000008a400000,0x000000008acdc098,0x000000008f300000)
 Metaspace       used 3295K, capacity 4486K, committed 4864K, reserved 1056768K
  class space    used 362K, capacity 386K, committed 512K, reserved 1048576K
}
Event: 97.966 GC heap before
{Heap before GC invocations=324 (full 0):
 PSYoungGen      total 353280K, used 352822K [0x00000000d8c00000, 0x00000000f5280000, 0x0000000100000000)
  eden space 352256K, 100% used [0x00000000d8c00000,0x00000000ee400000,0x00000000ee400000)
  from space 1024K, 55% used [0x00000000f5100000,0x00000000f518d920,0x00000000f5200000)
  to   space 512K, 0% used [0x00000000f5200000,0x00000000f5200000,0x00000000f5280000)
 ParOldGen       total 80896K, used 9072K [0x000000008a400000, 0x000000008f300000, 0x00000000d8c00000)
  object space 80896K, 11% used [0x000000008a400000,0x000000008acdc098,0x000000008f300000)
 Metaspace       used 3295K, capacity 4486K, committed 4864K, reserved 1056768K
  class space    used 362K, capacity 386K, committed 512K, reserved 1048576K
Event: 97.968 GC heap after
Heap after GC invocations=324 (full 0):
 PSYoungGen      total 336896K, used 32K [0x00000000d8c00000, 0x00000000f5280000, 0x0000000100000000)
  eden space 336384K, 0% used [0x00000000d8c00000,0x00000000d8c00000,0x00000000ed480000)
  from space 512K, 6% used [0x00000000f5200000,0x00000000f5208000,0x00000000f5280000)
  to   space 1024K, 0% used [0x00000000f5080000,0x00000000f5080000,0x00000000f5180000)
 ParOldGen       total 80896K, used 9608K [0x000000008a400000, 0x000000008f300000, 0x00000000d8c00000)
  object space 80896K, 11% used [0x000000008a400000,0x000000008ad623c8,0x000000008f300000)
 Metaspace       used 3295K, capacity 4486K, committed 4864K, reserved 1056768K
  class space    used 362K, capacity 386K, committed 512K, reserved 1048576K
}
Event: 98.388 GC heap before
{Heap before GC invocations=325 (full 0):
 PSYoungGen      total 336896K, used 336040K [0x00000000d8c00000, 0x00000000f5280000, 0x0000000100000000)
  eden space 336384K, 99% used [0x00000000d8c00000,0x00000000ed4220f8,0x00000000ed480000)
  from space 512K, 6% used [0x00000000f5200000,0x00000000f5208000,0x00000000f5280000)
  to   space 1024K, 0% used [0x00000000f5080000,0x00000000f5080000,0x00000000f5180000)
 ParOldGen       total 80896K, used 9608K [0x000000008a400000, 0x000000008f300000, 0x00000000d8c00000)
  object space 80896K, 11% used [0x000000008a400000,0x000000008ad623c8,0x000000008f300000)
 Metaspace       used 3295K, capacity 4486K, committed 4864K, reserved 1056768K
  class space    used 362K, capacity 386K, committed 512K, reserved 1048576K
Event: 99.218 GC heap after
Heap after GC invocations=325 (full 0):
 PSYoungGen      total 404992K, used 571K [0x00000000d8c00000, 0x00000000f5280000, 0x0000000100000000)
  eden space 403968K, 0% used [0x00000000d8c00000,0x00000000d8c00000,0x00000000f1680000)
  from space 1024K, 55% used [0x00000000f5080000,0x00000000f510ecf0,0x00000000f5180000)
  to   space 1024K, 0% used [0x00000000f5180000,0x00000000f5180000,0x00000000f5280000)
 ParOldGen       total 80896K, used 9608K [0x000000008a400000, 0x000000008f300000, 0x00000000d8c00000)
  object space 80896K, 11% used [0x000000008a400000,0x000000008ad623c8,0x000000008f300000)
 Metaspace       used 3295K, capacity 4486K, committed 4864K, reserved 1056768K
  class space    used 362K, capacity 386K, committed 512K, reserved 1048576K
}
Event: 100.350 GC heap before
{Heap before GC invocations=326 (full 0):
 PSYoungGen      total 404992K, used 404436K [0x00000000d8c00000, 0x00000000f5280000, 0x0000000100000000)
  eden space 403968K, 99% used [0x00000000d8c00000,0x00000000f1666420,0x00000000f1680000)
  from space 1024K, 55% used [0x00000000f5080000,0x00000000f510ecf0,0x00000000f5180000)
  to   space 1024K, 0% used [0x00000000f5180000,0x00000000f5180000,0x00000000f5280000)
 ParOldGen       total 80896K, used 9608K [0x000000008a400000, 0x000000008f300000, 0x00000000d8c00000)
  object space 80896K, 11% used [0x000000008a400000,0x000000008ad623c8,0x000000008f300000)
 Metaspace       used 3295K, capacity 4486K, committed 4864K, reserved 1056768K
  class space    used 362K, capacity 386K, committed 512K, reserved 1048576K
Event: 100.352 GC heap after
Heap after GC invocations=326 (full 0):
 PSYoungGen      total 464384K, used 574K [0x00000000d8c00000, 0x00000000f6780000, 0x0000000100000000)
  eden space 463360K, 0% used [0x00000000d8c00000,0x00000000d8c00000,0x00000000f5080000)
  from space 1024K, 56% used [0x00000000f5180000,0x00000000f520f898,0x00000000f5280000)
  to   space 1024K, 0% used [0x00000000f5080000,0x00000000f5080000,0x00000000f5180000)
 ParOldGen       total 80896K, used 9608K [0x000000008a400000, 0x000000008f300000, 0x00000000d8c00000)
  object space 80896K, 11% used [0x000000008a400000,0x000000008ad623c8,0x000000008f300000)
 Metaspace       used 3295K, capacity 4486K, committed 4864K, reserved 1056768K
  class space    used 362K, capacity 386K, committed 512K, reserved 1048576K
}
Event: 111.046 GC heap before
{Heap before GC invocations=327 (full 0):
 PSYoungGen      total 464384K, used 463448K [0x00000000d8c00000, 0x00000000f6780000, 0x0000000100000000)
  eden space 463360K, 99% used [0x00000000d8c00000,0x00000000f5006a10,0x00000000f5080000)
  from space 1024K, 56% used [0x00000000f5180000,0x00000000f520f898,0x00000000f5280000)
  to   space 1024K, 0% used [0x00000000f5080000,0x00000000f5080000,0x00000000f5180000)
 ParOldGen       total 80896K, used 9608K [0x000000008a400000, 0x000000008f300000, 0x00000000d8c00000)
  object space 80896K, 11% used [0x000000008a400000,0x000000008ad623c8,0x000000008f300000)
 Metaspace       used 3295K, capacity 4486K, committed 4864K, reserved 1056768K
  class space    used 362K, capacity 386K, committed 512K, reserved 1048576K

