# JRE version: OpenJDK Runtime Environment (8.0_222-b10) (build 1.8.0_222-8u222-b10-1ubuntu1~18.04.1-b10)
# Java VM: OpenJDK 64-Bit Server VM (25.222-b10 mixed mode linux-amd64 compressed oops)
Heap:
 PSYoungGen      total 448000K, used 755K [0x00000000d8c00000, 0x00000000f4280000, 0x0000000100000000)
  eden space 446976K, 0% used [0x00000000d8c00000,0x00000000d8c00000,0x00000000f4080000)
  from space 1024K, 73% used [0x00000000f4080000,0x00000000f413ced0,0x00000000f4180000)
  to   space 1024K, 0% used [0x00000000f4180000,0x00000000f4180000,0x00000000f4280000)
 ParOldGen       total 80896K, used 1541K [0x000000008a400000, 0x000000008f300000, 0x00000000d8c00000)
  object space 80896K, 1% used [0x000000008a400000,0x000000008a581658,0x000000008f300000)
 Metaspace       used 3290K, capacity 4486K, committed 4864K, reserved 1056768K
  class space    used 362K, capacity 386K, committed 512K, reserved 1048576K
GC Heap History (10 events):
Event: 65.969 GC heap after
Heap after GC invocations=114 (full 0):
 PSYoungGen      total 275456K, used 715K [0x00000000d8c00000, 0x00000000efa00000, 0x0000000100000000)
  eden space 274432K, 0% used [0x00000000d8c00000,0x00000000d8c00000,0x00000000e9800000)
  from space 1024K, 69% used [0x00000000ef900000,0x00000000ef9b2fe0,0x00000000efa00000)
  to   space 1024K, 0% used [0x00000000ef800000,0x00000000ef800000,0x00000000ef900000)
 ParOldGen       total 80896K, used 1541K [0x000000008a400000, 0x000000008f300000, 0x00000000d8c00000)
  object space 80896K, 1% used [0x000000008a400000,0x000000008a581658,0x000000008f300000)
 Metaspace       used 3290K, capacity 4486K, committed 4864K, reserved 1056768K
  class space    used 362K, capacity 386K, committed 512K, reserved 1048576K
}
Event: 67.537 GC heap before
{Heap before GC invocations=115 (full 0):
 PSYoungGen      total 275456K, used 274859K [0x00000000d8c00000, 0x00000000efa00000, 0x0000000100000000)
  eden space 274432K, 99% used [0x00000000d8c00000,0x00000000e97b7f70,0x00000000e9800000)
  from space 1024K, 69% used [0x00000000ef900000,0x00000000ef9b2fe0,0x00000000efa00000)
  to   space 1024K, 0% used [0x00000000ef800000,0x00000000ef800000,0x00000000ef900000)
 ParOldGen       total 80896K, used 1541K [0x000000008a400000, 0x000000008f300000, 0x00000000d8c00000)
  object space 80896K, 1% used [0x000000008a400000,0x000000008a581658,0x000000008f300000)
 Metaspace       used 3290K, capacity 4486K, committed 4864K, reserved 1056768K
  class space    used 362K, capacity 386K, committed 512K, reserved 1048576K
Event: 67.546 GC heap after
Heap after GC invocations=115 (full 0):
 PSYoungGen      total 330240K, used 377K [0x00000000d8c00000, 0x00000000ef980000, 0x0000000100000000)
  eden space 329728K, 0% used [0x00000000d8c00000,0x00000000d8c00000,0x00000000ece00000)
  from space 512K, 73% used [0x00000000ef800000,0x00000000ef85e458,0x00000000ef880000)
  to   space 1024K, 0% used [0x00000000ef880000,0x00000000ef880000,0x00000000ef980000)
 ParOldGen       total 80896K, used 1541K [0x000000008a400000, 0x000000008f300000, 0x00000000d8c00000)
  object space 80896K, 1% used [0x000000008a400000,0x000000008a581658,0x000000008f300000)
 Metaspace       used 3290K, capacity 4486K, committed 4864K, reserved 1056768K
  class space    used 362K, capacity 386K, committed 512K, reserved 1048576K
}
Event: 70.273 GC heap before
{Heap before GC invocations=116 (full 0):
 PSYoungGen      total 330240K, used 330020K [0x00000000d8c00000, 0x00000000ef980000, 0x0000000100000000)
  eden space 329728K, 99% used [0x00000000d8c00000,0x00000000ecdeac78,0x00000000ece00000)
  from space 512K, 73% used [0x00000000ef800000,0x00000000ef85e458,0x00000000ef880000)
  to   space 1024K, 0% used [0x00000000ef880000,0x00000000ef880000,0x00000000ef980000)
 ParOldGen       total 80896K, used 1541K [0x000000008a400000, 0x000000008f300000, 0x00000000d8c00000)
  object space 80896K, 1% used [0x000000008a400000,0x000000008a581658,0x000000008f300000)
 Metaspace       used 3290K, capacity 4486K, committed 4864K, reserved 1056768K
  class space    used 362K, capacity 386K, committed 512K, reserved 1048576K
Event: 70.353 GC heap after
Heap after GC invocations=116 (full 0):
 PSYoungGen      total 373248K, used 729K [0x00000000d8c00000, 0x00000000f1080000, 0x0000000100000000)
  eden space 372224K, 0% used [0x00000000d8c00000,0x00000000d8c00000,0x00000000ef780000)
  from space 1024K, 71% used [0x00000000ef880000,0x00000000ef936670,0x00000000ef980000)
  to   space 1024K, 0% used [0x00000000ef780000,0x00000000ef780000,0x00000000ef880000)
 ParOldGen       total 80896K, used 1541K [0x000000008a400000, 0x000000008f300000, 0x00000000d8c00000)
  object space 80896K, 1% used [0x000000008a400000,0x000000008a581658,0x000000008f300000)
 Metaspace       used 3290K, capacity 4486K, committed 4864K, reserved 1056768K
  class space    used 362K, capacity 386K, committed 512K, reserved 1048576K
}
Event: 72.450 GC heap before
{Heap before GC invocations=117 (full 0):
 PSYoungGen      total 373248K, used 372953K [0x00000000d8c00000, 0x00000000f1080000, 0x0000000100000000)
  eden space 372224K, 100% used [0x00000000d8c00000,0x00000000ef780000,0x00000000ef780000)
  from space 1024K, 71% used [0x00000000ef880000,0x00000000ef936670,0x00000000ef980000)
  to   space 1024K, 0% used [0x00000000ef780000,0x00000000ef780000,0x00000000ef880000)
 ParOldGen       total 80896K, used 1541K [0x000000008a400000, 0x000000008f300000, 0x00000000d8c00000)
  object space 80896K, 1% used [0x000000008a400000,0x000000008a581658,0x000000008f300000)
 Metaspace       used 3290K, capacity 4486K, committed 4864K, reserved 1056768K
  class space    used 362K, capacity 386K, committed 512K, reserved 1048576K
Event: 72.453 GC heap after
Heap after GC invocations=117 (full 0):
 PSYoungGen      total 373248K, used 737K [0x00000000d8c00000, 0x00000000f4280000, 0x0000000100000000)
  eden space 372224K, 0% used [0x00000000d8c00000,0x00000000d8c00000,0x00000000ef780000)
  from space 1024K, 72% used [0x00000000ef780000,0x00000000ef838760,0x00000000ef880000)
  to   space 1024K, 0% used [0x00000000f4180000,0x00000000f4180000,0x00000000f4280000)
 ParOldGen       total 80896K, used 1541K [0x000000008a400000, 0x000000008f300000, 0x00000000d8c00000)
  object space 80896K, 1% used [0x000000008a400000,0x000000008a581658,0x000000008f300000)
 Metaspace       used 3290K, capacity 4486K, committed 4864K, reserved 1056768K
  class space    used 362K, capacity 386K, committed 512K, reserved 1048576K
}
Event: 74.262 GC heap before
{Heap before GC invocations=118 (full 0):
 PSYoungGen      total 373248K, used 372739K [0x00000000d8c00000, 0x00000000f4280000, 0x0000000100000000)
  eden space 372224K, 99% used [0x00000000d8c00000,0x00000000ef7485d0,0x00000000ef780000)
  from space 1024K, 72% used [0x00000000ef780000,0x00000000ef838760,0x00000000ef880000)
  to   space 1024K, 0% used [0x00000000f4180000,0x00000000f4180000,0x00000000f4280000)
 ParOldGen       total 80896K, used 1541K [0x000000008a400000, 0x000000008f300000, 0x00000000d8c00000)
  object space 80896K, 1% used [0x000000008a400000,0x000000008a581658,0x000000008f300000)
 Metaspace       used 3290K, capacity 4486K, committed 4864K, reserved 1056768K
  class space    used 362K, capacity 386K, committed 512K, reserved 1048576K
Event: 74.278 GC heap after
Heap after GC invocations=118 (full 0):
 PSYoungGen      total 448000K, used 389K [0x00000000d8c00000, 0x00000000f4280000, 0x0000000100000000)
  eden space 446976K, 0% used [0x00000000d8c00000,0x00000000d8c00000,0x00000000f4080000)
  from space 1024K, 37% used [0x00000000f4180000,0x00000000f41e1400,0x00000000f4280000)
  to   space 1024K, 0% used [0x00000000f4080000,0x00000000f4080000,0x00000000f4180000)
 ParOldGen       total 80896K, used 1541K [0x000000008a400000, 0x000000008f300000, 0x00000000d8c00000)
  object space 80896K, 1% used [0x000000008a400000,0x000000008a581658,0x000000008f300000)
 Metaspace       used 3290K, capacity 4486K, committed 4864K, reserved 1056768K
  class space    used 362K, capacity 386K, committed 512K, reserved 1048576K
}
Event: 77.553 GC heap before
{Heap before GC invocations=119 (full 0):
 PSYoungGen      total 448000K, used 447146K [0x00000000d8c00000, 0x00000000f4280000, 0x0000000100000000)
  eden space 446976K, 99% used [0x00000000d8c00000,0x00000000f40496e0,0x00000000f4080000)
  from space 1024K, 37% used [0x00000000f4180000,0x00000000f41e1400,0x00000000f4280000)
  to   space 1024K, 0% used [0x00000000f4080000,0x00000000f4080000,0x00000000f4180000)
 ParOldGen       total 80896K, used 1541K [0x000000008a400000, 0x000000008f300000, 0x00000000d8c00000)
  object space 80896K, 1% used [0x000000008a400000,0x000000008a581658,0x000000008f300000)
 Metaspace       used 3290K, capacity 4486K, committed 4864K, reserved 1056768K
  class space    used 362K, capacity 386K, committed 512K, reserved 1048576K

