# JRE version: OpenJDK Runtime Environment (8.0_222-b10) (build 1.8.0_222-8u222-b10-1ubuntu1~18.04.1-b10)
# Java VM: OpenJDK 64-Bit Server VM (25.222-b10 mixed mode linux-amd64 compressed oops)
Heap:
 PSYoungGen      total 394240K, used 238K [0x00000000d8c00000, 0x00000000f0e00000, 0x0000000100000000)
  eden space 393216K, 0% used [0x00000000d8c00000,0x00000000d8c00000,0x00000000f0c00000)
  from space 1024K, 23% used [0x00000000f0c00000,0x00000000f0c3ba30,0x00000000f0d00000)
  to   space 1024K, 0% used [0x00000000f0d00000,0x00000000f0d00000,0x00000000f0e00000)
 ParOldGen       total 80896K, used 464K [0x000000008a400000, 0x000000008f300000, 0x00000000d8c00000)
  object space 80896K, 0% used [0x000000008a400000,0x000000008a474080,0x000000008f300000)
 Metaspace       used 3290K, capacity 4486K, committed 4864K, reserved 1056768K
  class space    used 362K, capacity 386K, committed 512K, reserved 1048576K
GC Heap History (10 events):
Event: 2.252 GC heap after
Heap after GC invocations=6 (full 0):
 PSYoungGen      total 123904K, used 567K [0x00000000d8c00000, 0x00000000e0600000, 0x0000000100000000)
  eden space 122880K, 0% used [0x00000000d8c00000,0x00000000d8c00000,0x00000000e0400000)
  from space 1024K, 55% used [0x00000000e0500000,0x00000000e058dc00,0x00000000e0600000)
  to   space 1024K, 0% used [0x00000000e0400000,0x00000000e0400000,0x00000000e0500000)
 ParOldGen       total 80896K, used 16K [0x000000008a400000, 0x000000008f300000, 0x00000000d8c00000)
  object space 80896K, 0% used [0x000000008a400000,0x000000008a404000,0x000000008f300000)
 Metaspace       used 3290K, capacity 4486K, committed 4864K, reserved 1056768K
  class space    used 362K, capacity 386K, committed 512K, reserved 1048576K
}
Event: 2.988 GC heap before
{Heap before GC invocations=7 (full 0):
 PSYoungGen      total 123904K, used 123403K [0x00000000d8c00000, 0x00000000e0600000, 0x0000000100000000)
  eden space 122880K, 99% used [0x00000000d8c00000,0x00000000e03f5148,0x00000000e0400000)
  from space 1024K, 55% used [0x00000000e0500000,0x00000000e058dc00,0x00000000e0600000)
  to   space 1024K, 0% used [0x00000000e0400000,0x00000000e0400000,0x00000000e0500000)
 ParOldGen       total 80896K, used 16K [0x000000008a400000, 0x000000008f300000, 0x00000000d8c00000)
  object space 80896K, 0% used [0x000000008a400000,0x000000008a404000,0x000000008f300000)
 Metaspace       used 3290K, capacity 4486K, committed 4864K, reserved 1056768K
  class space    used 362K, capacity 386K, committed 512K, reserved 1048576K
Event: 2.991 GC heap after
Heap after GC invocations=7 (full 0):
 PSYoungGen      total 123904K, used 138K [0x00000000d8c00000, 0x00000000e7e00000, 0x0000000100000000)
  eden space 122880K, 0% used [0x00000000d8c00000,0x00000000d8c00000,0x00000000e0400000)
  from space 1024K, 13% used [0x00000000e0400000,0x00000000e0422ac0,0x00000000e0500000)
  to   space 1024K, 0% used [0x00000000e7d00000,0x00000000e7d00000,0x00000000e7e00000)
 ParOldGen       total 80896K, used 456K [0x000000008a400000, 0x000000008f300000, 0x00000000d8c00000)
  object space 80896K, 0% used [0x000000008a400000,0x000000008a472080,0x000000008f300000)
 Metaspace       used 3290K, capacity 4486K, committed 4864K, reserved 1056768K
  class space    used 362K, capacity 386K, committed 512K, reserved 1048576K
}
Event: 3.260 GC heap before
{Heap before GC invocations=8 (full 0):
 PSYoungGen      total 123904K, used 123014K [0x00000000d8c00000, 0x00000000e7e00000, 0x0000000100000000)
  eden space 122880K, 99% used [0x00000000d8c00000,0x00000000e03ff098,0x00000000e0400000)
  from space 1024K, 13% used [0x00000000e0400000,0x00000000e0422ac0,0x00000000e0500000)
  to   space 1024K, 0% used [0x00000000e7d00000,0x00000000e7d00000,0x00000000e7e00000)
 ParOldGen       total 80896K, used 456K [0x000000008a400000, 0x000000008f300000, 0x00000000d8c00000)
  object space 80896K, 0% used [0x000000008a400000,0x000000008a472080,0x000000008f300000)
 Metaspace       used 3290K, capacity 4486K, committed 4864K, reserved 1056768K
  class space    used 362K, capacity 386K, committed 512K, reserved 1048576K
Event: 3.262 GC heap after
Heap after GC invocations=8 (full 0):
 PSYoungGen      total 246784K, used 155K [0x00000000d8c00000, 0x00000000e7e00000, 0x0000000100000000)
  eden space 245760K, 0% used [0x00000000d8c00000,0x00000000d8c00000,0x00000000e7c00000)
  from space 1024K, 15% used [0x00000000e7d00000,0x00000000e7d26d50,0x00000000e7e00000)
  to   space 1024K, 0% used [0x00000000e7c00000,0x00000000e7c00000,0x00000000e7d00000)
 ParOldGen       total 80896K, used 456K [0x000000008a400000, 0x000000008f300000, 0x00000000d8c00000)
  object space 80896K, 0% used [0x000000008a400000,0x000000008a472080,0x000000008f300000)
 Metaspace       used 3290K, capacity 4486K, committed 4864K, reserved 1056768K
  class space    used 362K, capacity 386K, committed 512K, reserved 1048576K
}
Event: 11.293 GC heap before
{Heap before GC invocations=9 (full 0):
 PSYoungGen      total 246784K, used 245915K [0x00000000d8c00000, 0x00000000e7e00000, 0x0000000100000000)
  eden space 245760K, 100% used [0x00000000d8c00000,0x00000000e7c00000,0x00000000e7c00000)
  from space 1024K, 15% used [0x00000000e7d00000,0x00000000e7d26d50,0x00000000e7e00000)
  to   space 1024K, 0% used [0x00000000e7c00000,0x00000000e7c00000,0x00000000e7d00000)
 ParOldGen       total 80896K, used 456K [0x000000008a400000, 0x000000008f300000, 0x00000000d8c00000)
  object space 80896K, 0% used [0x000000008a400000,0x000000008a472080,0x000000008f300000)
 Metaspace       used 3290K, capacity 4486K, committed 4864K, reserved 1056768K
  class space    used 362K, capacity 386K, committed 512K, reserved 1048576K
Event: 11.295 GC heap after
Heap after GC invocations=9 (full 0):
 PSYoungGen      total 246784K, used 183K [0x00000000d8c00000, 0x00000000f0e00000, 0x0000000100000000)
  eden space 245760K, 0% used [0x00000000d8c00000,0x00000000d8c00000,0x00000000e7c00000)
  from space 1024K, 17% used [0x00000000e7c00000,0x00000000e7c2dc70,0x00000000e7d00000)
  to   space 1024K, 0% used [0x00000000f0d00000,0x00000000f0d00000,0x00000000f0e00000)
 ParOldGen       total 80896K, used 464K [0x000000008a400000, 0x000000008f300000, 0x00000000d8c00000)
  object space 80896K, 0% used [0x000000008a400000,0x000000008a474080,0x000000008f300000)
 Metaspace       used 3290K, capacity 4486K, committed 4864K, reserved 1056768K
  class space    used 362K, capacity 386K, committed 512K, reserved 1048576K
}
Event: 11.706 GC heap before
{Heap before GC invocations=10 (full 0):
 PSYoungGen      total 246784K, used 245943K [0x00000000d8c00000, 0x00000000f0e00000, 0x0000000100000000)
  eden space 245760K, 100% used [0x00000000d8c00000,0x00000000e7c00000,0x00000000e7c00000)
  from space 1024K, 17% used [0x00000000e7c00000,0x00000000e7c2dc70,0x00000000e7d00000)
  to   space 1024K, 0% used [0x00000000f0d00000,0x00000000f0d00000,0x00000000f0e00000)
 ParOldGen       total 80896K, used 464K [0x000000008a400000, 0x000000008f300000, 0x00000000d8c00000)
  object space 80896K, 0% used [0x000000008a400000,0x000000008a474080,0x000000008f300000)
 Metaspace       used 3290K, capacity 4486K, committed 4864K, reserved 1056768K
  class space    used 362K, capacity 386K, committed 512K, reserved 1048576K
Event: 11.708 GC heap after
Heap after GC invocations=10 (full 0):
 PSYoungGen      total 394240K, used 206K [0x00000000d8c00000, 0x00000000f0e00000, 0x0000000100000000)
  eden space 393216K, 0% used [0x00000000d8c00000,0x00000000d8c00000,0x00000000f0c00000)
  from space 1024K, 20% used [0x00000000f0d00000,0x00000000f0d33a10,0x00000000f0e00000)
  to   space 1024K, 0% used [0x00000000f0c00000,0x00000000f0c00000,0x00000000f0d00000)
 ParOldGen       total 80896K, used 464K [0x000000008a400000, 0x000000008f300000, 0x00000000d8c00000)
  object space 80896K, 0% used [0x000000008a400000,0x000000008a474080,0x000000008f300000)
 Metaspace       used 3290K, capacity 4486K, committed 4864K, reserved 1056768K
  class space    used 362K, capacity 386K, committed 512K, reserved 1048576K
}
Event: 14.830 GC heap before
{Heap before GC invocations=11 (full 0):
 PSYoungGen      total 394240K, used 393422K [0x00000000d8c00000, 0x00000000f0e00000, 0x0000000100000000)
  eden space 393216K, 100% used [0x00000000d8c00000,0x00000000f0c00000,0x00000000f0c00000)
  from space 1024K, 20% used [0x00000000f0d00000,0x00000000f0d33a10,0x00000000f0e00000)
  to   space 1024K, 0% used [0x00000000f0c00000,0x00000000f0c00000,0x00000000f0d00000)
 ParOldGen       total 80896K, used 464K [0x000000008a400000, 0x000000008f300000, 0x00000000d8c00000)
  object space 80896K, 0% used [0x000000008a400000,0x000000008a474080,0x000000008f300000)
 Metaspace       used 3290K, capacity 4486K, committed 4864K, reserved 1056768K
  class space    used 362K, capacity 386K, committed 512K, reserved 1048576K

